2016-03-19 01:36:46 Debug: Notice (8): Undefined offset: 0 in [Z:\home\tests.ru\www\app\View\Afisha\view.ctp, line 2]
Trace:
include - APP\View\Afisha\view.ctp, line 2
View::_evaluate() - CORE\Cake\View\View.php, line 961
View::_render() - CORE\Cake\View\View.php, line 923
View::render() - CORE\Cake\View\View.php, line 473
Controller::render() - CORE\Cake\Controller\Controller.php, line 960
Dispatcher::_invoke() - CORE\Cake\Routing\Dispatcher.php, line 200
Dispatcher::dispatch() - CORE\Cake\Routing\Dispatcher.php, line 167
[main] - APP\webroot\index.php, line 118

2016-03-19 01:36:50 Debug: Notice (8): Undefined offset: 0 in [Z:\home\tests.ru\www\app\View\Afisha\view.ctp, line 2]
Trace:
include - APP\View\Afisha\view.ctp, line 2
View::_evaluate() - CORE\Cake\View\View.php, line 961
View::_render() - CORE\Cake\View\View.php, line 923
View::render() - CORE\Cake\View\View.php, line 473
Controller::render() - CORE\Cake\Controller\Controller.php, line 960
Dispatcher::_invoke() - CORE\Cake\Routing\Dispatcher.php, line 200
Dispatcher::dispatch() - CORE\Cake\Routing\Dispatcher.php, line 167
[main] - APP\webroot\index.php, line 118

2016-03-19 01:36:51 Debug: Notice (8): Undefined offset: 0 in [Z:\home\tests.ru\www\app\View\Afisha\view.ctp, line 2]
Trace:
include - APP\View\Afisha\view.ctp, line 2
View::_evaluate() - CORE\Cake\View\View.php, line 961
View::_render() - CORE\Cake\View\View.php, line 923
View::render() - CORE\Cake\View\View.php, line 473
Controller::render() - CORE\Cake\Controller\Controller.php, line 960
Dispatcher::_invoke() - CORE\Cake\Routing\Dispatcher.php, line 200
Dispatcher::dispatch() - CORE\Cake\Routing\Dispatcher.php, line 167
[main] - APP\webroot\index.php, line 118

2016-03-19 01:36:52 Debug: Notice (8): Undefined offset: 0 in [Z:\home\tests.ru\www\app\View\Afisha\view.ctp, line 2]
Trace:
include - APP\View\Afisha\view.ctp, line 2
View::_evaluate() - CORE\Cake\View\View.php, line 961
View::_render() - CORE\Cake\View\View.php, line 923
View::render() - CORE\Cake\View\View.php, line 473
Controller::render() - CORE\Cake\Controller\Controller.php, line 960
Dispatcher::_invoke() - CORE\Cake\Routing\Dispatcher.php, line 200
Dispatcher::dispatch() - CORE\Cake\Routing\Dispatcher.php, line 167
[main] - APP\webroot\index.php, line 118

2016-03-19 01:36:55 Debug: Notice (8): Undefined offset: 0 in [Z:\home\tests.ru\www\app\View\Afisha\view.ctp, line 2]
Trace:
include - APP\View\Afisha\view.ctp, line 2
View::_evaluate() - CORE\Cake\View\View.php, line 961
View::_render() - CORE\Cake\View\View.php, line 923
View::render() - CORE\Cake\View\View.php, line 473
Controller::render() - CORE\Cake\Controller\Controller.php, line 960
Dispatcher::_invoke() - CORE\Cake\Routing\Dispatcher.php, line 200
Dispatcher::dispatch() - CORE\Cake\Routing\Dispatcher.php, line 167
[main] - APP\webroot\index.php, line 118

2016-03-19 01:36:56 Debug: Notice (8): Undefined offset: 0 in [Z:\home\tests.ru\www\app\View\Afisha\view.ctp, line 2]
Trace:
include - APP\View\Afisha\view.ctp, line 2
View::_evaluate() - CORE\Cake\View\View.php, line 961
View::_render() - CORE\Cake\View\View.php, line 923
View::render() - CORE\Cake\View\View.php, line 473
Controller::render() - CORE\Cake\Controller\Controller.php, line 960
Dispatcher::_invoke() - CORE\Cake\Routing\Dispatcher.php, line 200
Dispatcher::dispatch() - CORE\Cake\Routing\Dispatcher.php, line 167
[main] - APP\webroot\index.php, line 118

2016-03-19 01:37:02 Debug: Notice (8): Undefined offset: 0 in [Z:\home\tests.ru\www\app\View\Afisha\view.ctp, line 2]
Trace:
include - APP\View\Afisha\view.ctp, line 2
View::_evaluate() - CORE\Cake\View\View.php, line 961
View::_render() - CORE\Cake\View\View.php, line 923
View::render() - CORE\Cake\View\View.php, line 473
Controller::render() - CORE\Cake\Controller\Controller.php, line 960
Dispatcher::_invoke() - CORE\Cake\Routing\Dispatcher.php, line 200
Dispatcher::dispatch() - CORE\Cake\Routing\Dispatcher.php, line 167
[main] - APP\webroot\index.php, line 118

2016-03-19 01:37:07 Debug: Notice (8): Undefined offset: 0 in [Z:\home\tests.ru\www\app\View\Afisha\view.ctp, line 2]
Trace:
include - APP\View\Afisha\view.ctp, line 2
View::_evaluate() - CORE\Cake\View\View.php, line 961
View::_render() - CORE\Cake\View\View.php, line 923
View::render() - CORE\Cake\View\View.php, line 473
Controller::render() - CORE\Cake\Controller\Controller.php, line 960
Dispatcher::_invoke() - CORE\Cake\Routing\Dispatcher.php, line 200
Dispatcher::dispatch() - CORE\Cake\Routing\Dispatcher.php, line 167
[main] - APP\webroot\index.php, line 118

2016-03-19 01:37:08 Debug: Notice (8): Undefined offset: 0 in [Z:\home\tests.ru\www\app\View\Afisha\view.ctp, line 2]
Trace:
include - APP\View\Afisha\view.ctp, line 2
View::_evaluate() - CORE\Cake\View\View.php, line 961
View::_render() - CORE\Cake\View\View.php, line 923
View::render() - CORE\Cake\View\View.php, line 473
Controller::render() - CORE\Cake\Controller\Controller.php, line 960
Dispatcher::_invoke() - CORE\Cake\Routing\Dispatcher.php, line 200
Dispatcher::dispatch() - CORE\Cake\Routing\Dispatcher.php, line 167
[main] - APP\webroot\index.php, line 118

2016-03-19 01:37:11 Debug: Notice (8): Undefined offset: 0 in [Z:\home\tests.ru\www\app\View\Afisha\view.ctp, line 2]
Trace:
include - APP\View\Afisha\view.ctp, line 2
View::_evaluate() - CORE\Cake\View\View.php, line 961
View::_render() - CORE\Cake\View\View.php, line 923
View::render() - CORE\Cake\View\View.php, line 473
Controller::render() - CORE\Cake\Controller\Controller.php, line 960
Dispatcher::_invoke() - CORE\Cake\Routing\Dispatcher.php, line 200
Dispatcher::dispatch() - CORE\Cake\Routing\Dispatcher.php, line 167
[main] - APP\webroot\index.php, line 118

2016-03-19 01:37:12 Debug: Notice (8): Undefined offset: 0 in [Z:\home\tests.ru\www\app\View\Afisha\view.ctp, line 2]
Trace:
include - APP\View\Afisha\view.ctp, line 2
View::_evaluate() - CORE\Cake\View\View.php, line 961
View::_render() - CORE\Cake\View\View.php, line 923
View::render() - CORE\Cake\View\View.php, line 473
Controller::render() - CORE\Cake\Controller\Controller.php, line 960
Dispatcher::_invoke() - CORE\Cake\Routing\Dispatcher.php, line 200
Dispatcher::dispatch() - CORE\Cake\Routing\Dispatcher.php, line 167
[main] - APP\webroot\index.php, line 118

2016-03-19 01:37:13 Debug: Notice (8): Undefined offset: 0 in [Z:\home\tests.ru\www\app\View\Afisha\view.ctp, line 2]
Trace:
include - APP\View\Afisha\view.ctp, line 2
View::_evaluate() - CORE\Cake\View\View.php, line 961
View::_render() - CORE\Cake\View\View.php, line 923
View::render() - CORE\Cake\View\View.php, line 473
Controller::render() - CORE\Cake\Controller\Controller.php, line 960
Dispatcher::_invoke() - CORE\Cake\Routing\Dispatcher.php, line 200
Dispatcher::dispatch() - CORE\Cake\Routing\Dispatcher.php, line 167
[main] - APP\webroot\index.php, line 118

2016-03-19 01:37:14 Debug: Notice (8): Undefined offset: 0 in [Z:\home\tests.ru\www\app\View\Afisha\view.ctp, line 2]
Trace:
include - APP\View\Afisha\view.ctp, line 2
View::_evaluate() - CORE\Cake\View\View.php, line 961
View::_render() - CORE\Cake\View\View.php, line 923
View::render() - CORE\Cake\View\View.php, line 473
Controller::render() - CORE\Cake\Controller\Controller.php, line 960
Dispatcher::_invoke() - CORE\Cake\Routing\Dispatcher.php, line 200
Dispatcher::dispatch() - CORE\Cake\Routing\Dispatcher.php, line 167
[main] - APP\webroot\index.php, line 118

2016-03-19 01:37:16 Debug: Notice (8): Undefined offset: 0 in [Z:\home\tests.ru\www\app\View\Afisha\view.ctp, line 2]
Trace:
include - APP\View\Afisha\view.ctp, line 2
View::_evaluate() - CORE\Cake\View\View.php, line 961
View::_render() - CORE\Cake\View\View.php, line 923
View::render() - CORE\Cake\View\View.php, line 473
Controller::render() - CORE\Cake\Controller\Controller.php, line 960
Dispatcher::_invoke() - CORE\Cake\Routing\Dispatcher.php, line 200
Dispatcher::dispatch() - CORE\Cake\Routing\Dispatcher.php, line 167
[main] - APP\webroot\index.php, line 118

2016-03-19 01:37:19 Debug: Notice (8): Undefined offset: 0 in [Z:\home\tests.ru\www\app\View\Afisha\view.ctp, line 2]
Trace:
include - APP\View\Afisha\view.ctp, line 2
View::_evaluate() - CORE\Cake\View\View.php, line 961
View::_render() - CORE\Cake\View\View.php, line 923
View::render() - CORE\Cake\View\View.php, line 473
Controller::render() - CORE\Cake\Controller\Controller.php, line 960
Dispatcher::_invoke() - CORE\Cake\Routing\Dispatcher.php, line 200
Dispatcher::dispatch() - CORE\Cake\Routing\Dispatcher.php, line 167
[main] - APP\webroot\index.php, line 118

2016-03-19 01:37:24 Debug: Notice (8): Undefined offset: 0 in [Z:\home\tests.ru\www\app\View\Afisha\view.ctp, line 2]
Trace:
include - APP\View\Afisha\view.ctp, line 2
View::_evaluate() - CORE\Cake\View\View.php, line 961
View::_render() - CORE\Cake\View\View.php, line 923
View::render() - CORE\Cake\View\View.php, line 473
Controller::render() - CORE\Cake\Controller\Controller.php, line 960
Dispatcher::_invoke() - CORE\Cake\Routing\Dispatcher.php, line 200
Dispatcher::dispatch() - CORE\Cake\Routing\Dispatcher.php, line 167
[main] - APP\webroot\index.php, line 118

2016-03-19 01:37:25 Debug: Notice (8): Undefined offset: 0 in [Z:\home\tests.ru\www\app\View\Afisha\view.ctp, line 2]
Trace:
include - APP\View\Afisha\view.ctp, line 2
View::_evaluate() - CORE\Cake\View\View.php, line 961
View::_render() - CORE\Cake\View\View.php, line 923
View::render() - CORE\Cake\View\View.php, line 473
Controller::render() - CORE\Cake\Controller\Controller.php, line 960
Dispatcher::_invoke() - CORE\Cake\Routing\Dispatcher.php, line 200
Dispatcher::dispatch() - CORE\Cake\Routing\Dispatcher.php, line 167
[main] - APP\webroot\index.php, line 118

2016-03-19 01:37:29 Debug: Notice (8): Undefined offset: 0 in [Z:\home\tests.ru\www\app\View\Afisha\view.ctp, line 2]
Trace:
include - APP\View\Afisha\view.ctp, line 2
View::_evaluate() - CORE\Cake\View\View.php, line 961
View::_render() - CORE\Cake\View\View.php, line 923
View::render() - CORE\Cake\View\View.php, line 473
Controller::render() - CORE\Cake\Controller\Controller.php, line 960
Dispatcher::_invoke() - CORE\Cake\Routing\Dispatcher.php, line 200
Dispatcher::dispatch() - CORE\Cake\Routing\Dispatcher.php, line 167
[main] - APP\webroot\index.php, line 118

2016-03-19 01:37:30 Debug: Notice (8): Undefined offset: 0 in [Z:\home\tests.ru\www\app\View\Afisha\view.ctp, line 2]
Trace:
include - APP\View\Afisha\view.ctp, line 2
View::_evaluate() - CORE\Cake\View\View.php, line 961
View::_render() - CORE\Cake\View\View.php, line 923
View::render() - CORE\Cake\View\View.php, line 473
Controller::render() - CORE\Cake\Controller\Controller.php, line 960
Dispatcher::_invoke() - CORE\Cake\Routing\Dispatcher.php, line 200
Dispatcher::dispatch() - CORE\Cake\Routing\Dispatcher.php, line 167
[main] - APP\webroot\index.php, line 118

2016-03-19 01:37:31 Debug: Notice (8): Undefined offset: 0 in [Z:\home\tests.ru\www\app\View\Afisha\view.ctp, line 2]
Trace:
include - APP\View\Afisha\view.ctp, line 2
View::_evaluate() - CORE\Cake\View\View.php, line 961
View::_render() - CORE\Cake\View\View.php, line 923
View::render() - CORE\Cake\View\View.php, line 473
Controller::render() - CORE\Cake\Controller\Controller.php, line 960
Dispatcher::_invoke() - CORE\Cake\Routing\Dispatcher.php, line 200
Dispatcher::dispatch() - CORE\Cake\Routing\Dispatcher.php, line 167
[main] - APP\webroot\index.php, line 118

2016-03-19 01:37:34 Debug: Notice (8): Undefined offset: 0 in [Z:\home\tests.ru\www\app\View\Afisha\view.ctp, line 2]
Trace:
include - APP\View\Afisha\view.ctp, line 2
View::_evaluate() - CORE\Cake\View\View.php, line 961
View::_render() - CORE\Cake\View\View.php, line 923
View::render() - CORE\Cake\View\View.php, line 473
Controller::render() - CORE\Cake\Controller\Controller.php, line 960
Dispatcher::_invoke() - CORE\Cake\Routing\Dispatcher.php, line 200
Dispatcher::dispatch() - CORE\Cake\Routing\Dispatcher.php, line 167
[main] - APP\webroot\index.php, line 118

2016-03-19 01:37:35 Debug: Notice (8): Undefined offset: 0 in [Z:\home\tests.ru\www\app\View\Afisha\view.ctp, line 2]
Trace:
include - APP\View\Afisha\view.ctp, line 2
View::_evaluate() - CORE\Cake\View\View.php, line 961
View::_render() - CORE\Cake\View\View.php, line 923
View::render() - CORE\Cake\View\View.php, line 473
Controller::render() - CORE\Cake\Controller\Controller.php, line 960
Dispatcher::_invoke() - CORE\Cake\Routing\Dispatcher.php, line 200
Dispatcher::dispatch() - CORE\Cake\Routing\Dispatcher.php, line 167
[main] - APP\webroot\index.php, line 118

2016-03-19 01:37:36 Debug: Notice (8): Undefined offset: 0 in [Z:\home\tests.ru\www\app\View\Afisha\view.ctp, line 2]
Trace:
include - APP\View\Afisha\view.ctp, line 2
View::_evaluate() - CORE\Cake\View\View.php, line 961
View::_render() - CORE\Cake\View\View.php, line 923
View::render() - CORE\Cake\View\View.php, line 473
Controller::render() - CORE\Cake\Controller\Controller.php, line 960
Dispatcher::_invoke() - CORE\Cake\Routing\Dispatcher.php, line 200
Dispatcher::dispatch() - CORE\Cake\Routing\Dispatcher.php, line 167
[main] - APP\webroot\index.php, line 118

2016-03-19 01:37:39 Debug: Notice (8): Undefined offset: 0 in [Z:\home\tests.ru\www\app\View\Afisha\view.ctp, line 2]
Trace:
include - APP\View\Afisha\view.ctp, line 2
View::_evaluate() - CORE\Cake\View\View.php, line 961
View::_render() - CORE\Cake\View\View.php, line 923
View::render() - CORE\Cake\View\View.php, line 473
Controller::render() - CORE\Cake\Controller\Controller.php, line 960
Dispatcher::_invoke() - CORE\Cake\Routing\Dispatcher.php, line 200
Dispatcher::dispatch() - CORE\Cake\Routing\Dispatcher.php, line 167
[main] - APP\webroot\index.php, line 118

2016-03-19 01:37:40 Debug: Notice (8): Undefined offset: 0 in [Z:\home\tests.ru\www\app\View\Afisha\view.ctp, line 2]
Trace:
include - APP\View\Afisha\view.ctp, line 2
View::_evaluate() - CORE\Cake\View\View.php, line 961
View::_render() - CORE\Cake\View\View.php, line 923
View::render() - CORE\Cake\View\View.php, line 473
Controller::render() - CORE\Cake\Controller\Controller.php, line 960
Dispatcher::_invoke() - CORE\Cake\Routing\Dispatcher.php, line 200
Dispatcher::dispatch() - CORE\Cake\Routing\Dispatcher.php, line 167
[main] - APP\webroot\index.php, line 118

2016-03-19 01:37:44 Debug: Notice (8): Undefined offset: 0 in [Z:\home\tests.ru\www\app\View\Afisha\view.ctp, line 2]
Trace:
include - APP\View\Afisha\view.ctp, line 2
View::_evaluate() - CORE\Cake\View\View.php, line 961
View::_render() - CORE\Cake\View\View.php, line 923
View::render() - CORE\Cake\View\View.php, line 473
Controller::render() - CORE\Cake\Controller\Controller.php, line 960
Dispatcher::_invoke() - CORE\Cake\Routing\Dispatcher.php, line 200
Dispatcher::dispatch() - CORE\Cake\Routing\Dispatcher.php, line 167
[main] - APP\webroot\index.php, line 118

2016-03-19 01:37:45 Debug: Notice (8): Undefined offset: 0 in [Z:\home\tests.ru\www\app\View\Afisha\view.ctp, line 2]
Trace:
include - APP\View\Afisha\view.ctp, line 2
View::_evaluate() - CORE\Cake\View\View.php, line 961
View::_render() - CORE\Cake\View\View.php, line 923
View::render() - CORE\Cake\View\View.php, line 473
Controller::render() - CORE\Cake\Controller\Controller.php, line 960
Dispatcher::_invoke() - CORE\Cake\Routing\Dispatcher.php, line 200
Dispatcher::dispatch() - CORE\Cake\Routing\Dispatcher.php, line 167
[main] - APP\webroot\index.php, line 118

2016-03-19 01:37:49 Debug: Notice (8): Undefined offset: 0 in [Z:\home\tests.ru\www\app\View\Afisha\view.ctp, line 2]
Trace:
include - APP\View\Afisha\view.ctp, line 2
View::_evaluate() - CORE\Cake\View\View.php, line 961
View::_render() - CORE\Cake\View\View.php, line 923
View::render() - CORE\Cake\View\View.php, line 473
Controller::render() - CORE\Cake\Controller\Controller.php, line 960
Dispatcher::_invoke() - CORE\Cake\Routing\Dispatcher.php, line 200
Dispatcher::dispatch() - CORE\Cake\Routing\Dispatcher.php, line 167
[main] - APP\webroot\index.php, line 118

2016-03-19 01:37:50 Debug: Notice (8): Undefined offset: 0 in [Z:\home\tests.ru\www\app\View\Afisha\view.ctp, line 2]
Trace:
include - APP\View\Afisha\view.ctp, line 2
View::_evaluate() - CORE\Cake\View\View.php, line 961
View::_render() - CORE\Cake\View\View.php, line 923
View::render() - CORE\Cake\View\View.php, line 473
Controller::render() - CORE\Cake\Controller\Controller.php, line 960
Dispatcher::_invoke() - CORE\Cake\Routing\Dispatcher.php, line 200
Dispatcher::dispatch() - CORE\Cake\Routing\Dispatcher.php, line 167
[main] - APP\webroot\index.php, line 118

2016-03-19 01:37:51 Debug: Notice (8): Undefined offset: 0 in [Z:\home\tests.ru\www\app\View\Afisha\view.ctp, line 2]
Trace:
include - APP\View\Afisha\view.ctp, line 2
View::_evaluate() - CORE\Cake\View\View.php, line 961
View::_render() - CORE\Cake\View\View.php, line 923
View::render() - CORE\Cake\View\View.php, line 473
Controller::render() - CORE\Cake\Controller\Controller.php, line 960
Dispatcher::_invoke() - CORE\Cake\Routing\Dispatcher.php, line 200
Dispatcher::dispatch() - CORE\Cake\Routing\Dispatcher.php, line 167
[main] - APP\webroot\index.php, line 118

2016-03-19 01:37:52 Debug: Notice (8): Undefined offset: 0 in [Z:\home\tests.ru\www\app\View\Afisha\view.ctp, line 2]
Trace:
include - APP\View\Afisha\view.ctp, line 2
View::_evaluate() - CORE\Cake\View\View.php, line 961
View::_render() - CORE\Cake\View\View.php, line 923
View::render() - CORE\Cake\View\View.php, line 473
Controller::render() - CORE\Cake\Controller\Controller.php, line 960
Dispatcher::_invoke() - CORE\Cake\Routing\Dispatcher.php, line 200
Dispatcher::dispatch() - CORE\Cake\Routing\Dispatcher.php, line 167
[main] - APP\webroot\index.php, line 118

2016-03-19 01:37:54 Debug: Notice (8): Undefined offset: 0 in [Z:\home\tests.ru\www\app\View\Afisha\view.ctp, line 2]
Trace:
include - APP\View\Afisha\view.ctp, line 2
View::_evaluate() - CORE\Cake\View\View.php, line 961
View::_render() - CORE\Cake\View\View.php, line 923
View::render() - CORE\Cake\View\View.php, line 473
Controller::render() - CORE\Cake\Controller\Controller.php, line 960
Dispatcher::_invoke() - CORE\Cake\Routing\Dispatcher.php, line 200
Dispatcher::dispatch() - CORE\Cake\Routing\Dispatcher.php, line 167
[main] - APP\webroot\index.php, line 118

2016-03-19 01:37:55 Debug: Notice (8): Undefined offset: 0 in [Z:\home\tests.ru\www\app\View\Afisha\view.ctp, line 2]
Trace:
include - APP\View\Afisha\view.ctp, line 2
View::_evaluate() - CORE\Cake\View\View.php, line 961
View::_render() - CORE\Cake\View\View.php, line 923
View::render() - CORE\Cake\View\View.php, line 473
Controller::render() - CORE\Cake\Controller\Controller.php, line 960
Dispatcher::_invoke() - CORE\Cake\Routing\Dispatcher.php, line 200
Dispatcher::dispatch() - CORE\Cake\Routing\Dispatcher.php, line 167
[main] - APP\webroot\index.php, line 118

2016-03-19 01:37:56 Debug: Notice (8): Undefined offset: 0 in [Z:\home\tests.ru\www\app\View\Afisha\view.ctp, line 2]
Trace:
include - APP\View\Afisha\view.ctp, line 2
View::_evaluate() - CORE\Cake\View\View.php, line 961
View::_render() - CORE\Cake\View\View.php, line 923
View::render() - CORE\Cake\View\View.php, line 473
Controller::render() - CORE\Cake\Controller\Controller.php, line 960
Dispatcher::_invoke() - CORE\Cake\Routing\Dispatcher.php, line 200
Dispatcher::dispatch() - CORE\Cake\Routing\Dispatcher.php, line 167
[main] - APP\webroot\index.php, line 118

2016-03-19 01:38:00 Debug: Notice (8): Undefined offset: 0 in [Z:\home\tests.ru\www\app\View\Afisha\view.ctp, line 2]
Trace:
include - APP\View\Afisha\view.ctp, line 2
View::_evaluate() - CORE\Cake\View\View.php, line 961
View::_render() - CORE\Cake\View\View.php, line 923
View::render() - CORE\Cake\View\View.php, line 473
Controller::render() - CORE\Cake\Controller\Controller.php, line 960
Dispatcher::_invoke() - CORE\Cake\Routing\Dispatcher.php, line 200
Dispatcher::dispatch() - CORE\Cake\Routing\Dispatcher.php, line 167
[main] - APP\webroot\index.php, line 118

2016-03-19 01:38:01 Debug: Notice (8): Undefined offset: 0 in [Z:\home\tests.ru\www\app\View\Afisha\view.ctp, line 2]
Trace:
include - APP\View\Afisha\view.ctp, line 2
View::_evaluate() - CORE\Cake\View\View.php, line 961
View::_render() - CORE\Cake\View\View.php, line 923
View::render() - CORE\Cake\View\View.php, line 473
Controller::render() - CORE\Cake\Controller\Controller.php, line 960
Dispatcher::_invoke() - CORE\Cake\Routing\Dispatcher.php, line 200
Dispatcher::dispatch() - CORE\Cake\Routing\Dispatcher.php, line 167
[main] - APP\webroot\index.php, line 118

2016-03-19 01:38:06 Debug: Notice (8): Undefined offset: 0 in [Z:\home\tests.ru\www\app\View\Afisha\view.ctp, line 2]
Trace:
include - APP\View\Afisha\view.ctp, line 2
View::_evaluate() - CORE\Cake\View\View.php, line 961
View::_render() - CORE\Cake\View\View.php, line 923
View::render() - CORE\Cake\View\View.php, line 473
Controller::render() - CORE\Cake\Controller\Controller.php, line 960
Dispatcher::_invoke() - CORE\Cake\Routing\Dispatcher.php, line 200
Dispatcher::dispatch() - CORE\Cake\Routing\Dispatcher.php, line 167
[main] - APP\webroot\index.php, line 118

2016-03-19 01:38:07 Debug: Notice (8): Undefined offset: 0 in [Z:\home\tests.ru\www\app\View\Afisha\view.ctp, line 2]
Trace:
include - APP\View\Afisha\view.ctp, line 2
View::_evaluate() - CORE\Cake\View\View.php, line 961
View::_render() - CORE\Cake\View\View.php, line 923
View::render() - CORE\Cake\View\View.php, line 473
Controller::render() - CORE\Cake\Controller\Controller.php, line 960
Dispatcher::_invoke() - CORE\Cake\Routing\Dispatcher.php, line 200
Dispatcher::dispatch() - CORE\Cake\Routing\Dispatcher.php, line 167
[main] - APP\webroot\index.php, line 118

2016-03-19 01:38:12 Debug: Notice (8): Undefined offset: 0 in [Z:\home\tests.ru\www\app\View\Afisha\view.ctp, line 2]
Trace:
include - APP\View\Afisha\view.ctp, line 2
View::_evaluate() - CORE\Cake\View\View.php, line 961
View::_render() - CORE\Cake\View\View.php, line 923
View::render() - CORE\Cake\View\View.php, line 473
Controller::render() - CORE\Cake\Controller\Controller.php, line 960
Dispatcher::_invoke() - CORE\Cake\Routing\Dispatcher.php, line 200
Dispatcher::dispatch() - CORE\Cake\Routing\Dispatcher.php, line 167
[main] - APP\webroot\index.php, line 118

2016-03-19 01:38:12 Debug: Notice (8): Undefined offset: 0 in [Z:\home\tests.ru\www\app\View\Afisha\view.ctp, line 2]
Trace:
include - APP\View\Afisha\view.ctp, line 2
View::_evaluate() - CORE\Cake\View\View.php, line 961
View::_render() - CORE\Cake\View\View.php, line 923
View::render() - CORE\Cake\View\View.php, line 473
Controller::render() - CORE\Cake\Controller\Controller.php, line 960
Dispatcher::_invoke() - CORE\Cake\Routing\Dispatcher.php, line 200
Dispatcher::dispatch() - CORE\Cake\Routing\Dispatcher.php, line 167
[main] - APP\webroot\index.php, line 118

2016-03-19 01:38:13 Debug: Notice (8): Undefined offset: 0 in [Z:\home\tests.ru\www\app\View\Afisha\view.ctp, line 2]
Trace:
include - APP\View\Afisha\view.ctp, line 2
View::_evaluate() - CORE\Cake\View\View.php, line 961
View::_render() - CORE\Cake\View\View.php, line 923
View::render() - CORE\Cake\View\View.php, line 473
Controller::render() - CORE\Cake\Controller\Controller.php, line 960
Dispatcher::_invoke() - CORE\Cake\Routing\Dispatcher.php, line 200
Dispatcher::dispatch() - CORE\Cake\Routing\Dispatcher.php, line 167
[main] - APP\webroot\index.php, line 118

2016-03-19 01:38:13 Debug: Notice (8): Undefined offset: 0 in [Z:\home\tests.ru\www\app\View\Afisha\view.ctp, line 2]
Trace:
include - APP\View\Afisha\view.ctp, line 2
View::_evaluate() - CORE\Cake\View\View.php, line 961
View::_render() - CORE\Cake\View\View.php, line 923
View::render() - CORE\Cake\View\View.php, line 473
Controller::render() - CORE\Cake\Controller\Controller.php, line 960
Dispatcher::_invoke() - CORE\Cake\Routing\Dispatcher.php, line 200
Dispatcher::dispatch() - CORE\Cake\Routing\Dispatcher.php, line 167
[main] - APP\webroot\index.php, line 118

2016-03-19 01:38:17 Debug: Notice (8): Undefined offset: 0 in [Z:\home\tests.ru\www\app\View\Afisha\view.ctp, line 2]
Trace:
include - APP\View\Afisha\view.ctp, line 2
View::_evaluate() - CORE\Cake\View\View.php, line 961
View::_render() - CORE\Cake\View\View.php, line 923
View::render() - CORE\Cake\View\View.php, line 473
Controller::render() - CORE\Cake\Controller\Controller.php, line 960
Dispatcher::_invoke() - CORE\Cake\Routing\Dispatcher.php, line 200
Dispatcher::dispatch() - CORE\Cake\Routing\Dispatcher.php, line 167
[main] - APP\webroot\index.php, line 118

2016-03-19 01:38:18 Debug: Notice (8): Undefined offset: 0 in [Z:\home\tests.ru\www\app\View\Afisha\view.ctp, line 2]
Trace:
include - APP\View\Afisha\view.ctp, line 2
View::_evaluate() - CORE\Cake\View\View.php, line 961
View::_render() - CORE\Cake\View\View.php, line 923
View::render() - CORE\Cake\View\View.php, line 473
Controller::render() - CORE\Cake\Controller\Controller.php, line 960
Dispatcher::_invoke() - CORE\Cake\Routing\Dispatcher.php, line 200
Dispatcher::dispatch() - CORE\Cake\Routing\Dispatcher.php, line 167
[main] - APP\webroot\index.php, line 118

2016-03-19 01:38:19 Debug: Notice (8): Undefined offset: 0 in [Z:\home\tests.ru\www\app\View\Afisha\view.ctp, line 2]
Trace:
include - APP\View\Afisha\view.ctp, line 2
View::_evaluate() - CORE\Cake\View\View.php, line 961
View::_render() - CORE\Cake\View\View.php, line 923
View::render() - CORE\Cake\View\View.php, line 473
Controller::render() - CORE\Cake\Controller\Controller.php, line 960
Dispatcher::_invoke() - CORE\Cake\Routing\Dispatcher.php, line 200
Dispatcher::dispatch() - CORE\Cake\Routing\Dispatcher.php, line 167
[main] - APP\webroot\index.php, line 118

2016-03-19 01:38:23 Debug: Notice (8): Undefined offset: 0 in [Z:\home\tests.ru\www\app\View\Afisha\view.ctp, line 2]
Trace:
include - APP\View\Afisha\view.ctp, line 2
View::_evaluate() - CORE\Cake\View\View.php, line 961
View::_render() - CORE\Cake\View\View.php, line 923
View::render() - CORE\Cake\View\View.php, line 473
Controller::render() - CORE\Cake\Controller\Controller.php, line 960
Dispatcher::_invoke() - CORE\Cake\Routing\Dispatcher.php, line 200
Dispatcher::dispatch() - CORE\Cake\Routing\Dispatcher.php, line 167
[main] - APP\webroot\index.php, line 118

2016-03-19 01:38:24 Debug: Notice (8): Undefined offset: 0 in [Z:\home\tests.ru\www\app\View\Afisha\view.ctp, line 2]
Trace:
include - APP\View\Afisha\view.ctp, line 2
View::_evaluate() - CORE\Cake\View\View.php, line 961
View::_render() - CORE\Cake\View\View.php, line 923
View::render() - CORE\Cake\View\View.php, line 473
Controller::render() - CORE\Cake\Controller\Controller.php, line 960
Dispatcher::_invoke() - CORE\Cake\Routing\Dispatcher.php, line 200
Dispatcher::dispatch() - CORE\Cake\Routing\Dispatcher.php, line 167
[main] - APP\webroot\index.php, line 118

2016-03-19 01:38:29 Debug: Notice (8): Undefined offset: 0 in [Z:\home\tests.ru\www\app\View\Afisha\view.ctp, line 2]
Trace:
include - APP\View\Afisha\view.ctp, line 2
View::_evaluate() - CORE\Cake\View\View.php, line 961
View::_render() - CORE\Cake\View\View.php, line 923
View::render() - CORE\Cake\View\View.php, line 473
Controller::render() - CORE\Cake\Controller\Controller.php, line 960
Dispatcher::_invoke() - CORE\Cake\Routing\Dispatcher.php, line 200
Dispatcher::dispatch() - CORE\Cake\Routing\Dispatcher.php, line 167
[main] - APP\webroot\index.php, line 118

2016-03-19 01:38:30 Debug: Notice (8): Undefined offset: 0 in [Z:\home\tests.ru\www\app\View\Afisha\view.ctp, line 2]
Trace:
include - APP\View\Afisha\view.ctp, line 2
View::_evaluate() - CORE\Cake\View\View.php, line 961
View::_render() - CORE\Cake\View\View.php, line 923
View::render() - CORE\Cake\View\View.php, line 473
Controller::render() - CORE\Cake\Controller\Controller.php, line 960
Dispatcher::_invoke() - CORE\Cake\Routing\Dispatcher.php, line 200
Dispatcher::dispatch() - CORE\Cake\Routing\Dispatcher.php, line 167
[main] - APP\webroot\index.php, line 118

2016-03-19 01:38:32 Debug: Notice (8): Undefined offset: 0 in [Z:\home\tests.ru\www\app\View\Afisha\view.ctp, line 2]
Trace:
include - APP\View\Afisha\view.ctp, line 2
View::_evaluate() - CORE\Cake\View\View.php, line 961
View::_render() - CORE\Cake\View\View.php, line 923
View::render() - CORE\Cake\View\View.php, line 473
Controller::render() - CORE\Cake\Controller\Controller.php, line 960
Dispatcher::_invoke() - CORE\Cake\Routing\Dispatcher.php, line 200
Dispatcher::dispatch() - CORE\Cake\Routing\Dispatcher.php, line 167
[main] - APP\webroot\index.php, line 118

2016-03-19 01:38:33 Debug: Notice (8): Undefined offset: 0 in [Z:\home\tests.ru\www\app\View\Afisha\view.ctp, line 2]
Trace:
include - APP\View\Afisha\view.ctp, line 2
View::_evaluate() - CORE\Cake\View\View.php, line 961
View::_render() - CORE\Cake\View\View.php, line 923
View::render() - CORE\Cake\View\View.php, line 473
Controller::render() - CORE\Cake\Controller\Controller.php, line 960
Dispatcher::_invoke() - CORE\Cake\Routing\Dispatcher.php, line 200
Dispatcher::dispatch() - CORE\Cake\Routing\Dispatcher.php, line 167
[main] - APP\webroot\index.php, line 118

2016-03-19 01:38:34 Debug: Notice (8): Undefined offset: 0 in [Z:\home\tests.ru\www\app\View\Afisha\view.ctp, line 2]
Trace:
include - APP\View\Afisha\view.ctp, line 2
View::_evaluate() - CORE\Cake\View\View.php, line 961
View::_render() - CORE\Cake\View\View.php, line 923
View::render() - CORE\Cake\View\View.php, line 473
Controller::render() - CORE\Cake\Controller\Controller.php, line 960
Dispatcher::_invoke() - CORE\Cake\Routing\Dispatcher.php, line 200
Dispatcher::dispatch() - CORE\Cake\Routing\Dispatcher.php, line 167
[main] - APP\webroot\index.php, line 118

2016-03-19 01:38:35 Debug: Notice (8): Undefined offset: 0 in [Z:\home\tests.ru\www\app\View\Afisha\view.ctp, line 2]
Trace:
include - APP\View\Afisha\view.ctp, line 2
View::_evaluate() - CORE\Cake\View\View.php, line 961
View::_render() - CORE\Cake\View\View.php, line 923
View::render() - CORE\Cake\View\View.php, line 473
Controller::render() - CORE\Cake\Controller\Controller.php, line 960
Dispatcher::_invoke() - CORE\Cake\Routing\Dispatcher.php, line 200
Dispatcher::dispatch() - CORE\Cake\Routing\Dispatcher.php, line 167
[main] - APP\webroot\index.php, line 118

2016-03-19 01:38:37 Debug: Notice (8): Undefined offset: 0 in [Z:\home\tests.ru\www\app\View\Afisha\view.ctp, line 2]
Trace:
include - APP\View\Afisha\view.ctp, line 2
View::_evaluate() - CORE\Cake\View\View.php, line 961
View::_render() - CORE\Cake\View\View.php, line 923
View::render() - CORE\Cake\View\View.php, line 473
Controller::render() - CORE\Cake\Controller\Controller.php, line 960
Dispatcher::_invoke() - CORE\Cake\Routing\Dispatcher.php, line 200
Dispatcher::dispatch() - CORE\Cake\Routing\Dispatcher.php, line 167
[main] - APP\webroot\index.php, line 118

2016-03-19 01:38:39 Debug: Notice (8): Undefined offset: 0 in [Z:\home\tests.ru\www\app\View\Afisha\view.ctp, line 2]
Trace:
include - APP\View\Afisha\view.ctp, line 2
View::_evaluate() - CORE\Cake\View\View.php, line 961
View::_render() - CORE\Cake\View\View.php, line 923
View::render() - CORE\Cake\View\View.php, line 473
Controller::render() - CORE\Cake\Controller\Controller.php, line 960
Dispatcher::_invoke() - CORE\Cake\Routing\Dispatcher.php, line 200
Dispatcher::dispatch() - CORE\Cake\Routing\Dispatcher.php, line 167
[main] - APP\webroot\index.php, line 118

2016-03-19 01:38:40 Debug: Notice (8): Undefined offset: 0 in [Z:\home\tests.ru\www\app\View\Afisha\view.ctp, line 2]
Trace:
include - APP\View\Afisha\view.ctp, line 2
View::_evaluate() - CORE\Cake\View\View.php, line 961
View::_render() - CORE\Cake\View\View.php, line 923
View::render() - CORE\Cake\View\View.php, line 473
Controller::render() - CORE\Cake\Controller\Controller.php, line 960
Dispatcher::_invoke() - CORE\Cake\Routing\Dispatcher.php, line 200
Dispatcher::dispatch() - CORE\Cake\Routing\Dispatcher.php, line 167
[main] - APP\webroot\index.php, line 118

2016-03-19 01:38:44 Debug: Notice (8): Undefined offset: 0 in [Z:\home\tests.ru\www\app\View\Afisha\view.ctp, line 2]
Trace:
include - APP\View\Afisha\view.ctp, line 2
View::_evaluate() - CORE\Cake\View\View.php, line 961
View::_render() - CORE\Cake\View\View.php, line 923
View::render() - CORE\Cake\View\View.php, line 473
Controller::render() - CORE\Cake\Controller\Controller.php, line 960
Dispatcher::_invoke() - CORE\Cake\Routing\Dispatcher.php, line 200
Dispatcher::dispatch() - CORE\Cake\Routing\Dispatcher.php, line 167
[main] - APP\webroot\index.php, line 118

2016-03-19 01:38:45 Debug: Notice (8): Undefined offset: 0 in [Z:\home\tests.ru\www\app\View\Afisha\view.ctp, line 2]
Trace:
include - APP\View\Afisha\view.ctp, line 2
View::_evaluate() - CORE\Cake\View\View.php, line 961
View::_render() - CORE\Cake\View\View.php, line 923
View::render() - CORE\Cake\View\View.php, line 473
Controller::render() - CORE\Cake\Controller\Controller.php, line 960
Dispatcher::_invoke() - CORE\Cake\Routing\Dispatcher.php, line 200
Dispatcher::dispatch() - CORE\Cake\Routing\Dispatcher.php, line 167
[main] - APP\webroot\index.php, line 118

2016-03-19 01:38:50 Debug: Notice (8): Undefined offset: 0 in [Z:\home\tests.ru\www\app\View\Afisha\view.ctp, line 2]
Trace:
include - APP\View\Afisha\view.ctp, line 2
View::_evaluate() - CORE\Cake\View\View.php, line 961
View::_render() - CORE\Cake\View\View.php, line 923
View::render() - CORE\Cake\View\View.php, line 473
Controller::render() - CORE\Cake\Controller\Controller.php, line 960
Dispatcher::_invoke() - CORE\Cake\Routing\Dispatcher.php, line 200
Dispatcher::dispatch() - CORE\Cake\Routing\Dispatcher.php, line 167
[main] - APP\webroot\index.php, line 118

2016-03-19 01:38:51 Debug: Notice (8): Undefined offset: 0 in [Z:\home\tests.ru\www\app\View\Afisha\view.ctp, line 2]
Trace:
include - APP\View\Afisha\view.ctp, line 2
View::_evaluate() - CORE\Cake\View\View.php, line 961
View::_render() - CORE\Cake\View\View.php, line 923
View::render() - CORE\Cake\View\View.php, line 473
Controller::render() - CORE\Cake\Controller\Controller.php, line 960
Dispatcher::_invoke() - CORE\Cake\Routing\Dispatcher.php, line 200
Dispatcher::dispatch() - CORE\Cake\Routing\Dispatcher.php, line 167
[main] - APP\webroot\index.php, line 118

2016-03-19 01:38:54 Debug: Notice (8): Undefined offset: 0 in [Z:\home\tests.ru\www\app\View\Afisha\view.ctp, line 2]
Trace:
include - APP\View\Afisha\view.ctp, line 2
View::_evaluate() - CORE\Cake\View\View.php, line 961
View::_render() - CORE\Cake\View\View.php, line 923
View::render() - CORE\Cake\View\View.php, line 473
Controller::render() - CORE\Cake\Controller\Controller.php, line 960
Dispatcher::_invoke() - CORE\Cake\Routing\Dispatcher.php, line 200
Dispatcher::dispatch() - CORE\Cake\Routing\Dispatcher.php, line 167
[main] - APP\webroot\index.php, line 118

2016-03-19 01:38:56 Debug: Notice (8): Undefined offset: 0 in [Z:\home\tests.ru\www\app\View\Afisha\view.ctp, line 2]
Trace:
include - APP\View\Afisha\view.ctp, line 2
View::_evaluate() - CORE\Cake\View\View.php, line 961
View::_render() - CORE\Cake\View\View.php, line 923
View::render() - CORE\Cake\View\View.php, line 473
Controller::render() - CORE\Cake\Controller\Controller.php, line 960
Dispatcher::_invoke() - CORE\Cake\Routing\Dispatcher.php, line 200
Dispatcher::dispatch() - CORE\Cake\Routing\Dispatcher.php, line 167
[main] - APP\webroot\index.php, line 118

2016-03-19 01:38:59 Debug: Notice (8): Undefined offset: 0 in [Z:\home\tests.ru\www\app\View\Afisha\view.ctp, line 2]
Trace:
include - APP\View\Afisha\view.ctp, line 2
View::_evaluate() - CORE\Cake\View\View.php, line 961
View::_render() - CORE\Cake\View\View.php, line 923
View::render() - CORE\Cake\View\View.php, line 473
Controller::render() - CORE\Cake\Controller\Controller.php, line 960
Dispatcher::_invoke() - CORE\Cake\Routing\Dispatcher.php, line 200
Dispatcher::dispatch() - CORE\Cake\Routing\Dispatcher.php, line 167
[main] - APP\webroot\index.php, line 118

2016-03-19 01:39:01 Debug: Notice (8): Undefined offset: 0 in [Z:\home\tests.ru\www\app\View\Afisha\view.ctp, line 2]
Trace:
include - APP\View\Afisha\view.ctp, line 2
View::_evaluate() - CORE\Cake\View\View.php, line 961
View::_render() - CORE\Cake\View\View.php, line 923
View::render() - CORE\Cake\View\View.php, line 473
Controller::render() - CORE\Cake\Controller\Controller.php, line 960
Dispatcher::_invoke() - CORE\Cake\Routing\Dispatcher.php, line 200
Dispatcher::dispatch() - CORE\Cake\Routing\Dispatcher.php, line 167
[main] - APP\webroot\index.php, line 118

2016-03-19 01:39:02 Debug: Notice (8): Undefined offset: 0 in [Z:\home\tests.ru\www\app\View\Afisha\view.ctp, line 2]
Trace:
include - APP\View\Afisha\view.ctp, line 2
View::_evaluate() - CORE\Cake\View\View.php, line 961
View::_render() - CORE\Cake\View\View.php, line 923
View::render() - CORE\Cake\View\View.php, line 473
Controller::render() - CORE\Cake\Controller\Controller.php, line 960
Dispatcher::_invoke() - CORE\Cake\Routing\Dispatcher.php, line 200
Dispatcher::dispatch() - CORE\Cake\Routing\Dispatcher.php, line 167
[main] - APP\webroot\index.php, line 118

2016-03-19 01:39:06 Debug: Notice (8): Undefined offset: 0 in [Z:\home\tests.ru\www\app\View\Afisha\view.ctp, line 2]
Trace:
include - APP\View\Afisha\view.ctp, line 2
View::_evaluate() - CORE\Cake\View\View.php, line 961
View::_render() - CORE\Cake\View\View.php, line 923
View::render() - CORE\Cake\View\View.php, line 473
Controller::render() - CORE\Cake\Controller\Controller.php, line 960
Dispatcher::_invoke() - CORE\Cake\Routing\Dispatcher.php, line 200
Dispatcher::dispatch() - CORE\Cake\Routing\Dispatcher.php, line 167
[main] - APP\webroot\index.php, line 118

2016-03-19 01:39:07 Debug: Notice (8): Undefined offset: 0 in [Z:\home\tests.ru\www\app\View\Afisha\view.ctp, line 2]
Trace:
include - APP\View\Afisha\view.ctp, line 2
View::_evaluate() - CORE\Cake\View\View.php, line 961
View::_render() - CORE\Cake\View\View.php, line 923
View::render() - CORE\Cake\View\View.php, line 473
Controller::render() - CORE\Cake\Controller\Controller.php, line 960
Dispatcher::_invoke() - CORE\Cake\Routing\Dispatcher.php, line 200
Dispatcher::dispatch() - CORE\Cake\Routing\Dispatcher.php, line 167
[main] - APP\webroot\index.php, line 118

2016-03-19 01:39:11 Debug: Notice (8): Undefined offset: 0 in [Z:\home\tests.ru\www\app\View\Afisha\view.ctp, line 2]
Trace:
include - APP\View\Afisha\view.ctp, line 2
View::_evaluate() - CORE\Cake\View\View.php, line 961
View::_render() - CORE\Cake\View\View.php, line 923
View::render() - CORE\Cake\View\View.php, line 473
Controller::render() - CORE\Cake\Controller\Controller.php, line 960
Dispatcher::_invoke() - CORE\Cake\Routing\Dispatcher.php, line 200
Dispatcher::dispatch() - CORE\Cake\Routing\Dispatcher.php, line 167
[main] - APP\webroot\index.php, line 118

2016-03-19 01:39:12 Debug: Notice (8): Undefined offset: 0 in [Z:\home\tests.ru\www\app\View\Afisha\view.ctp, line 2]
Trace:
include - APP\View\Afisha\view.ctp, line 2
View::_evaluate() - CORE\Cake\View\View.php, line 961
View::_render() - CORE\Cake\View\View.php, line 923
View::render() - CORE\Cake\View\View.php, line 473
Controller::render() - CORE\Cake\Controller\Controller.php, line 960
Dispatcher::_invoke() - CORE\Cake\Routing\Dispatcher.php, line 200
Dispatcher::dispatch() - CORE\Cake\Routing\Dispatcher.php, line 167
[main] - APP\webroot\index.php, line 118

2016-03-19 01:39:14 Debug: Notice (8): Undefined offset: 0 in [Z:\home\tests.ru\www\app\View\Afisha\view.ctp, line 2]
Trace:
include - APP\View\Afisha\view.ctp, line 2
View::_evaluate() - CORE\Cake\View\View.php, line 961
View::_render() - CORE\Cake\View\View.php, line 923
View::render() - CORE\Cake\View\View.php, line 473
Controller::render() - CORE\Cake\Controller\Controller.php, line 960
Dispatcher::_invoke() - CORE\Cake\Routing\Dispatcher.php, line 200
Dispatcher::dispatch() - CORE\Cake\Routing\Dispatcher.php, line 167
[main] - APP\webroot\index.php, line 118

2016-03-19 01:39:15 Debug: Notice (8): Undefined offset: 0 in [Z:\home\tests.ru\www\app\View\Afisha\view.ctp, line 2]
Trace:
include - APP\View\Afisha\view.ctp, line 2
View::_evaluate() - CORE\Cake\View\View.php, line 961
View::_render() - CORE\Cake\View\View.php, line 923
View::render() - CORE\Cake\View\View.php, line 473
Controller::render() - CORE\Cake\Controller\Controller.php, line 960
Dispatcher::_invoke() - CORE\Cake\Routing\Dispatcher.php, line 200
Dispatcher::dispatch() - CORE\Cake\Routing\Dispatcher.php, line 167
[main] - APP\webroot\index.php, line 118

2016-03-19 01:39:16 Debug: Notice (8): Undefined offset: 0 in [Z:\home\tests.ru\www\app\View\Afisha\view.ctp, line 2]
Trace:
include - APP\View\Afisha\view.ctp, line 2
View::_evaluate() - CORE\Cake\View\View.php, line 961
View::_render() - CORE\Cake\View\View.php, line 923
View::render() - CORE\Cake\View\View.php, line 473
Controller::render() - CORE\Cake\Controller\Controller.php, line 960
Dispatcher::_invoke() - CORE\Cake\Routing\Dispatcher.php, line 200
Dispatcher::dispatch() - CORE\Cake\Routing\Dispatcher.php, line 167
[main] - APP\webroot\index.php, line 118

2016-03-19 01:39:17 Debug: Notice (8): Undefined offset: 0 in [Z:\home\tests.ru\www\app\View\Afisha\view.ctp, line 2]
Trace:
include - APP\View\Afisha\view.ctp, line 2
View::_evaluate() - CORE\Cake\View\View.php, line 961
View::_render() - CORE\Cake\View\View.php, line 923
View::render() - CORE\Cake\View\View.php, line 473
Controller::render() - CORE\Cake\Controller\Controller.php, line 960
Dispatcher::_invoke() - CORE\Cake\Routing\Dispatcher.php, line 200
Dispatcher::dispatch() - CORE\Cake\Routing\Dispatcher.php, line 167
[main] - APP\webroot\index.php, line 118

2016-03-19 01:39:19 Debug: Notice (8): Undefined offset: 0 in [Z:\home\tests.ru\www\app\View\Afisha\view.ctp, line 2]
Trace:
include - APP\View\Afisha\view.ctp, line 2
View::_evaluate() - CORE\Cake\View\View.php, line 961
View::_render() - CORE\Cake\View\View.php, line 923
View::render() - CORE\Cake\View\View.php, line 473
Controller::render() - CORE\Cake\Controller\Controller.php, line 960
Dispatcher::_invoke() - CORE\Cake\Routing\Dispatcher.php, line 200
Dispatcher::dispatch() - CORE\Cake\Routing\Dispatcher.php, line 167
[main] - APP\webroot\index.php, line 118

2016-03-19 01:39:21 Debug: Notice (8): Undefined offset: 0 in [Z:\home\tests.ru\www\app\View\Afisha\view.ctp, line 2]
Trace:
include - APP\View\Afisha\view.ctp, line 2
View::_evaluate() - CORE\Cake\View\View.php, line 961
View::_render() - CORE\Cake\View\View.php, line 923
View::render() - CORE\Cake\View\View.php, line 473
Controller::render() - CORE\Cake\Controller\Controller.php, line 960
Dispatcher::_invoke() - CORE\Cake\Routing\Dispatcher.php, line 200
Dispatcher::dispatch() - CORE\Cake\Routing\Dispatcher.php, line 167
[main] - APP\webroot\index.php, line 118

2016-03-19 01:39:22 Debug: Notice (8): Undefined offset: 0 in [Z:\home\tests.ru\www\app\View\Afisha\view.ctp, line 2]
Trace:
include - APP\View\Afisha\view.ctp, line 2
View::_evaluate() - CORE\Cake\View\View.php, line 961
View::_render() - CORE\Cake\View\View.php, line 923
View::render() - CORE\Cake\View\View.php, line 473
Controller::render() - CORE\Cake\Controller\Controller.php, line 960
Dispatcher::_invoke() - CORE\Cake\Routing\Dispatcher.php, line 200
Dispatcher::dispatch() - CORE\Cake\Routing\Dispatcher.php, line 167
[main] - APP\webroot\index.php, line 118

2016-03-19 01:39:26 Debug: Notice (8): Undefined offset: 0 in [Z:\home\tests.ru\www\app\View\Afisha\view.ctp, line 2]
Trace:
include - APP\View\Afisha\view.ctp, line 2
View::_evaluate() - CORE\Cake\View\View.php, line 961
View::_render() - CORE\Cake\View\View.php, line 923
View::render() - CORE\Cake\View\View.php, line 473
Controller::render() - CORE\Cake\Controller\Controller.php, line 960
Dispatcher::_invoke() - CORE\Cake\Routing\Dispatcher.php, line 200
Dispatcher::dispatch() - CORE\Cake\Routing\Dispatcher.php, line 167
[main] - APP\webroot\index.php, line 118

2016-03-19 01:39:27 Debug: Notice (8): Undefined offset: 0 in [Z:\home\tests.ru\www\app\View\Afisha\view.ctp, line 2]
Trace:
include - APP\View\Afisha\view.ctp, line 2
View::_evaluate() - CORE\Cake\View\View.php, line 961
View::_render() - CORE\Cake\View\View.php, line 923
View::render() - CORE\Cake\View\View.php, line 473
Controller::render() - CORE\Cake\Controller\Controller.php, line 960
Dispatcher::_invoke() - CORE\Cake\Routing\Dispatcher.php, line 200
Dispatcher::dispatch() - CORE\Cake\Routing\Dispatcher.php, line 167
[main] - APP\webroot\index.php, line 118

2016-03-19 01:39:31 Debug: Notice (8): Undefined offset: 0 in [Z:\home\tests.ru\www\app\View\Afisha\view.ctp, line 2]
Trace:
include - APP\View\Afisha\view.ctp, line 2
View::_evaluate() - CORE\Cake\View\View.php, line 961
View::_render() - CORE\Cake\View\View.php, line 923
View::render() - CORE\Cake\View\View.php, line 473
Controller::render() - CORE\Cake\Controller\Controller.php, line 960
Dispatcher::_invoke() - CORE\Cake\Routing\Dispatcher.php, line 200
Dispatcher::dispatch() - CORE\Cake\Routing\Dispatcher.php, line 167
[main] - APP\webroot\index.php, line 118

2016-03-19 01:39:32 Debug: Notice (8): Undefined offset: 0 in [Z:\home\tests.ru\www\app\View\Afisha\view.ctp, line 2]
Trace:
include - APP\View\Afisha\view.ctp, line 2
View::_evaluate() - CORE\Cake\View\View.php, line 961
View::_render() - CORE\Cake\View\View.php, line 923
View::render() - CORE\Cake\View\View.php, line 473
Controller::render() - CORE\Cake\Controller\Controller.php, line 960
Dispatcher::_invoke() - CORE\Cake\Routing\Dispatcher.php, line 200
Dispatcher::dispatch() - CORE\Cake\Routing\Dispatcher.php, line 167
[main] - APP\webroot\index.php, line 118

2016-03-19 01:39:36 Debug: Notice (8): Undefined offset: 0 in [Z:\home\tests.ru\www\app\View\Afisha\view.ctp, line 2]
Trace:
include - APP\View\Afisha\view.ctp, line 2
View::_evaluate() - CORE\Cake\View\View.php, line 961
View::_render() - CORE\Cake\View\View.php, line 923
View::render() - CORE\Cake\View\View.php, line 473
Controller::render() - CORE\Cake\Controller\Controller.php, line 960
Dispatcher::_invoke() - CORE\Cake\Routing\Dispatcher.php, line 200
Dispatcher::dispatch() - CORE\Cake\Routing\Dispatcher.php, line 167
[main] - APP\webroot\index.php, line 118

2016-03-19 01:39:36 Debug: Notice (8): Undefined offset: 0 in [Z:\home\tests.ru\www\app\View\Afisha\view.ctp, line 2]
Trace:
include - APP\View\Afisha\view.ctp, line 2
View::_evaluate() - CORE\Cake\View\View.php, line 961
View::_render() - CORE\Cake\View\View.php, line 923
View::render() - CORE\Cake\View\View.php, line 473
Controller::render() - CORE\Cake\Controller\Controller.php, line 960
Dispatcher::_invoke() - CORE\Cake\Routing\Dispatcher.php, line 200
Dispatcher::dispatch() - CORE\Cake\Routing\Dispatcher.php, line 167
[main] - APP\webroot\index.php, line 118

2016-03-19 01:39:37 Debug: Notice (8): Undefined offset: 0 in [Z:\home\tests.ru\www\app\View\Afisha\view.ctp, line 2]
Trace:
include - APP\View\Afisha\view.ctp, line 2
View::_evaluate() - CORE\Cake\View\View.php, line 961
View::_render() - CORE\Cake\View\View.php, line 923
View::render() - CORE\Cake\View\View.php, line 473
Controller::render() - CORE\Cake\Controller\Controller.php, line 960
Dispatcher::_invoke() - CORE\Cake\Routing\Dispatcher.php, line 200
Dispatcher::dispatch() - CORE\Cake\Routing\Dispatcher.php, line 167
[main] - APP\webroot\index.php, line 118

2016-03-19 01:39:41 Debug: Notice (8): Undefined offset: 0 in [Z:\home\tests.ru\www\app\View\Afisha\view.ctp, line 2]
Trace:
include - APP\View\Afisha\view.ctp, line 2
View::_evaluate() - CORE\Cake\View\View.php, line 961
View::_render() - CORE\Cake\View\View.php, line 923
View::render() - CORE\Cake\View\View.php, line 473
Controller::render() - CORE\Cake\Controller\Controller.php, line 960
Dispatcher::_invoke() - CORE\Cake\Routing\Dispatcher.php, line 200
Dispatcher::dispatch() - CORE\Cake\Routing\Dispatcher.php, line 167
[main] - APP\webroot\index.php, line 118

2016-03-19 01:39:41 Debug: Notice (8): Undefined offset: 0 in [Z:\home\tests.ru\www\app\View\Afisha\view.ctp, line 2]
Trace:
include - APP\View\Afisha\view.ctp, line 2
View::_evaluate() - CORE\Cake\View\View.php, line 961
View::_render() - CORE\Cake\View\View.php, line 923
View::render() - CORE\Cake\View\View.php, line 473
Controller::render() - CORE\Cake\Controller\Controller.php, line 960
Dispatcher::_invoke() - CORE\Cake\Routing\Dispatcher.php, line 200
Dispatcher::dispatch() - CORE\Cake\Routing\Dispatcher.php, line 167
[main] - APP\webroot\index.php, line 118

2016-03-19 01:39:42 Debug: Notice (8): Undefined offset: 0 in [Z:\home\tests.ru\www\app\View\Afisha\view.ctp, line 2]
Trace:
include - APP\View\Afisha\view.ctp, line 2
View::_evaluate() - CORE\Cake\View\View.php, line 961
View::_render() - CORE\Cake\View\View.php, line 923
View::render() - CORE\Cake\View\View.php, line 473
Controller::render() - CORE\Cake\Controller\Controller.php, line 960
Dispatcher::_invoke() - CORE\Cake\Routing\Dispatcher.php, line 200
Dispatcher::dispatch() - CORE\Cake\Routing\Dispatcher.php, line 167
[main] - APP\webroot\index.php, line 118

2016-03-19 01:39:46 Debug: Notice (8): Undefined offset: 0 in [Z:\home\tests.ru\www\app\View\Afisha\view.ctp, line 2]
Trace:
include - APP\View\Afisha\view.ctp, line 2
View::_evaluate() - CORE\Cake\View\View.php, line 961
View::_render() - CORE\Cake\View\View.php, line 923
View::render() - CORE\Cake\View\View.php, line 473
Controller::render() - CORE\Cake\Controller\Controller.php, line 960
Dispatcher::_invoke() - CORE\Cake\Routing\Dispatcher.php, line 200
Dispatcher::dispatch() - CORE\Cake\Routing\Dispatcher.php, line 167
[main] - APP\webroot\index.php, line 118

2016-03-19 01:39:47 Debug: Notice (8): Undefined offset: 0 in [Z:\home\tests.ru\www\app\View\Afisha\view.ctp, line 2]
Trace:
include - APP\View\Afisha\view.ctp, line 2
View::_evaluate() - CORE\Cake\View\View.php, line 961
View::_render() - CORE\Cake\View\View.php, line 923
View::render() - CORE\Cake\View\View.php, line 473
Controller::render() - CORE\Cake\Controller\Controller.php, line 960
Dispatcher::_invoke() - CORE\Cake\Routing\Dispatcher.php, line 200
Dispatcher::dispatch() - CORE\Cake\Routing\Dispatcher.php, line 167
[main] - APP\webroot\index.php, line 118

2016-03-19 01:39:51 Debug: Notice (8): Undefined offset: 0 in [Z:\home\tests.ru\www\app\View\Afisha\view.ctp, line 2]
Trace:
include - APP\View\Afisha\view.ctp, line 2
View::_evaluate() - CORE\Cake\View\View.php, line 961
View::_render() - CORE\Cake\View\View.php, line 923
View::render() - CORE\Cake\View\View.php, line 473
Controller::render() - CORE\Cake\Controller\Controller.php, line 960
Dispatcher::_invoke() - CORE\Cake\Routing\Dispatcher.php, line 200
Dispatcher::dispatch() - CORE\Cake\Routing\Dispatcher.php, line 167
[main] - APP\webroot\index.php, line 118

2016-03-19 01:39:52 Debug: Notice (8): Undefined offset: 0 in [Z:\home\tests.ru\www\app\View\Afisha\view.ctp, line 2]
Trace:
include - APP\View\Afisha\view.ctp, line 2
View::_evaluate() - CORE\Cake\View\View.php, line 961
View::_render() - CORE\Cake\View\View.php, line 923
View::render() - CORE\Cake\View\View.php, line 473
Controller::render() - CORE\Cake\Controller\Controller.php, line 960
Dispatcher::_invoke() - CORE\Cake\Routing\Dispatcher.php, line 200
Dispatcher::dispatch() - CORE\Cake\Routing\Dispatcher.php, line 167
[main] - APP\webroot\index.php, line 118

2016-03-19 01:39:56 Debug: Notice (8): Undefined offset: 0 in [Z:\home\tests.ru\www\app\View\Afisha\view.ctp, line 2]
Trace:
include - APP\View\Afisha\view.ctp, line 2
View::_evaluate() - CORE\Cake\View\View.php, line 961
View::_render() - CORE\Cake\View\View.php, line 923
View::render() - CORE\Cake\View\View.php, line 473
Controller::render() - CORE\Cake\Controller\Controller.php, line 960
Dispatcher::_invoke() - CORE\Cake\Routing\Dispatcher.php, line 200
Dispatcher::dispatch() - CORE\Cake\Routing\Dispatcher.php, line 167
[main] - APP\webroot\index.php, line 118

2016-03-19 01:39:57 Debug: Notice (8): Undefined offset: 0 in [Z:\home\tests.ru\www\app\View\Afisha\view.ctp, line 2]
Trace:
include - APP\View\Afisha\view.ctp, line 2
View::_evaluate() - CORE\Cake\View\View.php, line 961
View::_render() - CORE\Cake\View\View.php, line 923
View::render() - CORE\Cake\View\View.php, line 473
Controller::render() - CORE\Cake\Controller\Controller.php, line 960
Dispatcher::_invoke() - CORE\Cake\Routing\Dispatcher.php, line 200
Dispatcher::dispatch() - CORE\Cake\Routing\Dispatcher.php, line 167
[main] - APP\webroot\index.php, line 118

2016-03-19 01:39:57 Debug: Notice (8): Undefined offset: 0 in [Z:\home\tests.ru\www\app\View\Afisha\view.ctp, line 2]
Trace:
include - APP\View\Afisha\view.ctp, line 2
View::_evaluate() - CORE\Cake\View\View.php, line 961
View::_render() - CORE\Cake\View\View.php, line 923
View::render() - CORE\Cake\View\View.php, line 473
Controller::render() - CORE\Cake\Controller\Controller.php, line 960
Dispatcher::_invoke() - CORE\Cake\Routing\Dispatcher.php, line 200
Dispatcher::dispatch() - CORE\Cake\Routing\Dispatcher.php, line 167
[main] - APP\webroot\index.php, line 118

2016-03-19 01:39:58 Debug: Notice (8): Undefined offset: 0 in [Z:\home\tests.ru\www\app\View\Afisha\view.ctp, line 2]
Trace:
include - APP\View\Afisha\view.ctp, line 2
View::_evaluate() - CORE\Cake\View\View.php, line 961
View::_render() - CORE\Cake\View\View.php, line 923
View::render() - CORE\Cake\View\View.php, line 473
Controller::render() - CORE\Cake\Controller\Controller.php, line 960
Dispatcher::_invoke() - CORE\Cake\Routing\Dispatcher.php, line 200
Dispatcher::dispatch() - CORE\Cake\Routing\Dispatcher.php, line 167
[main] - APP\webroot\index.php, line 118

2016-03-19 01:40:01 Debug: Notice (8): Undefined offset: 0 in [Z:\home\tests.ru\www\app\View\Afisha\view.ctp, line 2]
Trace:
include - APP\View\Afisha\view.ctp, line 2
View::_evaluate() - CORE\Cake\View\View.php, line 961
View::_render() - CORE\Cake\View\View.php, line 923
View::render() - CORE\Cake\View\View.php, line 473
Controller::render() - CORE\Cake\Controller\Controller.php, line 960
Dispatcher::_invoke() - CORE\Cake\Routing\Dispatcher.php, line 200
Dispatcher::dispatch() - CORE\Cake\Routing\Dispatcher.php, line 167
[main] - APP\webroot\index.php, line 118

2016-03-19 01:40:03 Debug: Notice (8): Undefined offset: 0 in [Z:\home\tests.ru\www\app\View\Afisha\view.ctp, line 2]
Trace:
include - APP\View\Afisha\view.ctp, line 2
View::_evaluate() - CORE\Cake\View\View.php, line 961
View::_render() - CORE\Cake\View\View.php, line 923
View::render() - CORE\Cake\View\View.php, line 473
Controller::render() - CORE\Cake\Controller\Controller.php, line 960
Dispatcher::_invoke() - CORE\Cake\Routing\Dispatcher.php, line 200
Dispatcher::dispatch() - CORE\Cake\Routing\Dispatcher.php, line 167
[main] - APP\webroot\index.php, line 118

2016-03-19 01:40:04 Debug: Notice (8): Undefined offset: 0 in [Z:\home\tests.ru\www\app\View\Afisha\view.ctp, line 2]
Trace:
include - APP\View\Afisha\view.ctp, line 2
View::_evaluate() - CORE\Cake\View\View.php, line 961
View::_render() - CORE\Cake\View\View.php, line 923
View::render() - CORE\Cake\View\View.php, line 473
Controller::render() - CORE\Cake\Controller\Controller.php, line 960
Dispatcher::_invoke() - CORE\Cake\Routing\Dispatcher.php, line 200
Dispatcher::dispatch() - CORE\Cake\Routing\Dispatcher.php, line 167
[main] - APP\webroot\index.php, line 118

2016-03-19 01:40:08 Debug: Notice (8): Undefined offset: 0 in [Z:\home\tests.ru\www\app\View\Afisha\view.ctp, line 2]
Trace:
include - APP\View\Afisha\view.ctp, line 2
View::_evaluate() - CORE\Cake\View\View.php, line 961
View::_render() - CORE\Cake\View\View.php, line 923
View::render() - CORE\Cake\View\View.php, line 473
Controller::render() - CORE\Cake\Controller\Controller.php, line 960
Dispatcher::_invoke() - CORE\Cake\Routing\Dispatcher.php, line 200
Dispatcher::dispatch() - CORE\Cake\Routing\Dispatcher.php, line 167
[main] - APP\webroot\index.php, line 118

2016-03-19 01:40:09 Debug: Notice (8): Undefined offset: 0 in [Z:\home\tests.ru\www\app\View\Afisha\view.ctp, line 2]
Trace:
include - APP\View\Afisha\view.ctp, line 2
View::_evaluate() - CORE\Cake\View\View.php, line 961
View::_render() - CORE\Cake\View\View.php, line 923
View::render() - CORE\Cake\View\View.php, line 473
Controller::render() - CORE\Cake\Controller\Controller.php, line 960
Dispatcher::_invoke() - CORE\Cake\Routing\Dispatcher.php, line 200
Dispatcher::dispatch() - CORE\Cake\Routing\Dispatcher.php, line 167
[main] - APP\webroot\index.php, line 118

2016-03-19 01:40:13 Debug: Notice (8): Undefined offset: 0 in [Z:\home\tests.ru\www\app\View\Afisha\view.ctp, line 2]
Trace:
include - APP\View\Afisha\view.ctp, line 2
View::_evaluate() - CORE\Cake\View\View.php, line 961
View::_render() - CORE\Cake\View\View.php, line 923
View::render() - CORE\Cake\View\View.php, line 473
Controller::render() - CORE\Cake\Controller\Controller.php, line 960
Dispatcher::_invoke() - CORE\Cake\Routing\Dispatcher.php, line 200
Dispatcher::dispatch() - CORE\Cake\Routing\Dispatcher.php, line 167
[main] - APP\webroot\index.php, line 118

2016-03-19 01:40:17 Debug: Notice (8): Undefined offset: 0 in [Z:\home\tests.ru\www\app\View\Afisha\view.ctp, line 2]
Trace:
include - APP\View\Afisha\view.ctp, line 2
View::_evaluate() - CORE\Cake\View\View.php, line 961
View::_render() - CORE\Cake\View\View.php, line 923
View::render() - CORE\Cake\View\View.php, line 473
Controller::render() - CORE\Cake\Controller\Controller.php, line 960
Dispatcher::_invoke() - CORE\Cake\Routing\Dispatcher.php, line 200
Dispatcher::dispatch() - CORE\Cake\Routing\Dispatcher.php, line 167
[main] - APP\webroot\index.php, line 118

2016-03-19 01:40:18 Debug: Notice (8): Undefined offset: 0 in [Z:\home\tests.ru\www\app\View\Afisha\view.ctp, line 2]
Trace:
include - APP\View\Afisha\view.ctp, line 2
View::_evaluate() - CORE\Cake\View\View.php, line 961
View::_render() - CORE\Cake\View\View.php, line 923
View::render() - CORE\Cake\View\View.php, line 473
Controller::render() - CORE\Cake\Controller\Controller.php, line 960
Dispatcher::_invoke() - CORE\Cake\Routing\Dispatcher.php, line 200
Dispatcher::dispatch() - CORE\Cake\Routing\Dispatcher.php, line 167
[main] - APP\webroot\index.php, line 118

2016-03-19 01:40:18 Debug: Notice (8): Undefined offset: 0 in [Z:\home\tests.ru\www\app\View\Afisha\view.ctp, line 2]
Trace:
include - APP\View\Afisha\view.ctp, line 2
View::_evaluate() - CORE\Cake\View\View.php, line 961
View::_render() - CORE\Cake\View\View.php, line 923
View::render() - CORE\Cake\View\View.php, line 473
Controller::render() - CORE\Cake\Controller\Controller.php, line 960
Dispatcher::_invoke() - CORE\Cake\Routing\Dispatcher.php, line 200
Dispatcher::dispatch() - CORE\Cake\Routing\Dispatcher.php, line 167
[main] - APP\webroot\index.php, line 118

2016-03-19 01:40:23 Debug: Notice (8): Undefined offset: 0 in [Z:\home\tests.ru\www\app\View\Afisha\view.ctp, line 2]
Trace:
include - APP\View\Afisha\view.ctp, line 2
View::_evaluate() - CORE\Cake\View\View.php, line 961
View::_render() - CORE\Cake\View\View.php, line 923
View::render() - CORE\Cake\View\View.php, line 473
Controller::render() - CORE\Cake\Controller\Controller.php, line 960
Dispatcher::_invoke() - CORE\Cake\Routing\Dispatcher.php, line 200
Dispatcher::dispatch() - CORE\Cake\Routing\Dispatcher.php, line 167
[main] - APP\webroot\index.php, line 118

2016-03-19 01:40:24 Debug: Notice (8): Undefined offset: 0 in [Z:\home\tests.ru\www\app\View\Afisha\view.ctp, line 2]
Trace:
include - APP\View\Afisha\view.ctp, line 2
View::_evaluate() - CORE\Cake\View\View.php, line 961
View::_render() - CORE\Cake\View\View.php, line 923
View::render() - CORE\Cake\View\View.php, line 473
Controller::render() - CORE\Cake\Controller\Controller.php, line 960
Dispatcher::_invoke() - CORE\Cake\Routing\Dispatcher.php, line 200
Dispatcher::dispatch() - CORE\Cake\Routing\Dispatcher.php, line 167
[main] - APP\webroot\index.php, line 118

2016-03-19 01:40:30 Debug: Notice (8): Undefined offset: 0 in [Z:\home\tests.ru\www\app\View\Afisha\view.ctp, line 2]
Trace:
include - APP\View\Afisha\view.ctp, line 2
View::_evaluate() - CORE\Cake\View\View.php, line 961
View::_render() - CORE\Cake\View\View.php, line 923
View::render() - CORE\Cake\View\View.php, line 473
Controller::render() - CORE\Cake\Controller\Controller.php, line 960
Dispatcher::_invoke() - CORE\Cake\Routing\Dispatcher.php, line 200
Dispatcher::dispatch() - CORE\Cake\Routing\Dispatcher.php, line 167
[main] - APP\webroot\index.php, line 118

2016-03-19 01:40:35 Debug: Notice (8): Undefined offset: 0 in [Z:\home\tests.ru\www\app\View\Afisha\view.ctp, line 2]
Trace:
include - APP\View\Afisha\view.ctp, line 2
View::_evaluate() - CORE\Cake\View\View.php, line 961
View::_render() - CORE\Cake\View\View.php, line 923
View::render() - CORE\Cake\View\View.php, line 473
Controller::render() - CORE\Cake\Controller\Controller.php, line 960
Dispatcher::_invoke() - CORE\Cake\Routing\Dispatcher.php, line 200
Dispatcher::dispatch() - CORE\Cake\Routing\Dispatcher.php, line 167
[main] - APP\webroot\index.php, line 118

2016-03-19 01:40:39 Debug: Notice (8): Undefined offset: 0 in [Z:\home\tests.ru\www\app\View\Afisha\view.ctp, line 2]
Trace:
include - APP\View\Afisha\view.ctp, line 2
View::_evaluate() - CORE\Cake\View\View.php, line 961
View::_render() - CORE\Cake\View\View.php, line 923
View::render() - CORE\Cake\View\View.php, line 473
Controller::render() - CORE\Cake\Controller\Controller.php, line 960
Dispatcher::_invoke() - CORE\Cake\Routing\Dispatcher.php, line 200
Dispatcher::dispatch() - CORE\Cake\Routing\Dispatcher.php, line 167
[main] - APP\webroot\index.php, line 118

2016-03-19 01:40:40 Debug: Notice (8): Undefined offset: 0 in [Z:\home\tests.ru\www\app\View\Afisha\view.ctp, line 2]
Trace:
include - APP\View\Afisha\view.ctp, line 2
View::_evaluate() - CORE\Cake\View\View.php, line 961
View::_render() - CORE\Cake\View\View.php, line 923
View::render() - CORE\Cake\View\View.php, line 473
Controller::render() - CORE\Cake\Controller\Controller.php, line 960
Dispatcher::_invoke() - CORE\Cake\Routing\Dispatcher.php, line 200
Dispatcher::dispatch() - CORE\Cake\Routing\Dispatcher.php, line 167
[main] - APP\webroot\index.php, line 118

2016-03-19 01:40:40 Debug: Notice (8): Undefined offset: 0 in [Z:\home\tests.ru\www\app\View\Afisha\view.ctp, line 2]
Trace:
include - APP\View\Afisha\view.ctp, line 2
View::_evaluate() - CORE\Cake\View\View.php, line 961
View::_render() - CORE\Cake\View\View.php, line 923
View::render() - CORE\Cake\View\View.php, line 473
Controller::render() - CORE\Cake\Controller\Controller.php, line 960
Dispatcher::_invoke() - CORE\Cake\Routing\Dispatcher.php, line 200
Dispatcher::dispatch() - CORE\Cake\Routing\Dispatcher.php, line 167
[main] - APP\webroot\index.php, line 118

2016-03-19 01:40:44 Debug: Notice (8): Undefined offset: 0 in [Z:\home\tests.ru\www\app\View\Afisha\view.ctp, line 2]
Trace:
include - APP\View\Afisha\view.ctp, line 2
View::_evaluate() - CORE\Cake\View\View.php, line 961
View::_render() - CORE\Cake\View\View.php, line 923
View::render() - CORE\Cake\View\View.php, line 473
Controller::render() - CORE\Cake\Controller\Controller.php, line 960
Dispatcher::_invoke() - CORE\Cake\Routing\Dispatcher.php, line 200
Dispatcher::dispatch() - CORE\Cake\Routing\Dispatcher.php, line 167
[main] - APP\webroot\index.php, line 118

2016-03-19 01:40:46 Debug: Notice (8): Undefined offset: 0 in [Z:\home\tests.ru\www\app\View\Afisha\view.ctp, line 2]
Trace:
include - APP\View\Afisha\view.ctp, line 2
View::_evaluate() - CORE\Cake\View\View.php, line 961
View::_render() - CORE\Cake\View\View.php, line 923
View::render() - CORE\Cake\View\View.php, line 473
Controller::render() - CORE\Cake\Controller\Controller.php, line 960
Dispatcher::_invoke() - CORE\Cake\Routing\Dispatcher.php, line 200
Dispatcher::dispatch() - CORE\Cake\Routing\Dispatcher.php, line 167
[main] - APP\webroot\index.php, line 118

2016-03-19 01:40:47 Debug: Notice (8): Undefined offset: 0 in [Z:\home\tests.ru\www\app\View\Afisha\view.ctp, line 2]
Trace:
include - APP\View\Afisha\view.ctp, line 2
View::_evaluate() - CORE\Cake\View\View.php, line 961
View::_render() - CORE\Cake\View\View.php, line 923
View::render() - CORE\Cake\View\View.php, line 473
Controller::render() - CORE\Cake\Controller\Controller.php, line 960
Dispatcher::_invoke() - CORE\Cake\Routing\Dispatcher.php, line 200
Dispatcher::dispatch() - CORE\Cake\Routing\Dispatcher.php, line 167
[main] - APP\webroot\index.php, line 118

2016-03-19 01:40:51 Debug: Notice (8): Undefined offset: 0 in [Z:\home\tests.ru\www\app\View\Afisha\view.ctp, line 2]
Trace:
include - APP\View\Afisha\view.ctp, line 2
View::_evaluate() - CORE\Cake\View\View.php, line 961
View::_render() - CORE\Cake\View\View.php, line 923
View::render() - CORE\Cake\View\View.php, line 473
Controller::render() - CORE\Cake\Controller\Controller.php, line 960
Dispatcher::_invoke() - CORE\Cake\Routing\Dispatcher.php, line 200
Dispatcher::dispatch() - CORE\Cake\Routing\Dispatcher.php, line 167
[main] - APP\webroot\index.php, line 118

2016-03-19 01:40:56 Debug: Notice (8): Undefined offset: 0 in [Z:\home\tests.ru\www\app\View\Afisha\view.ctp, line 2]
Trace:
include - APP\View\Afisha\view.ctp, line 2
View::_evaluate() - CORE\Cake\View\View.php, line 961
View::_render() - CORE\Cake\View\View.php, line 923
View::render() - CORE\Cake\View\View.php, line 473
Controller::render() - CORE\Cake\Controller\Controller.php, line 960
Dispatcher::_invoke() - CORE\Cake\Routing\Dispatcher.php, line 200
Dispatcher::dispatch() - CORE\Cake\Routing\Dispatcher.php, line 167
[main] - APP\webroot\index.php, line 118

2016-03-19 01:40:59 Debug: Notice (8): Undefined offset: 0 in [Z:\home\tests.ru\www\app\View\Afisha\view.ctp, line 2]
Trace:
include - APP\View\Afisha\view.ctp, line 2
View::_evaluate() - CORE\Cake\View\View.php, line 961
View::_render() - CORE\Cake\View\View.php, line 923
View::render() - CORE\Cake\View\View.php, line 473
Controller::render() - CORE\Cake\Controller\Controller.php, line 960
Dispatcher::_invoke() - CORE\Cake\Routing\Dispatcher.php, line 200
Dispatcher::dispatch() - CORE\Cake\Routing\Dispatcher.php, line 167
[main] - APP\webroot\index.php, line 118

2016-03-19 01:41:00 Debug: Notice (8): Undefined offset: 0 in [Z:\home\tests.ru\www\app\View\Afisha\view.ctp, line 2]
Trace:
include - APP\View\Afisha\view.ctp, line 2
View::_evaluate() - CORE\Cake\View\View.php, line 961
View::_render() - CORE\Cake\View\View.php, line 923
View::render() - CORE\Cake\View\View.php, line 473
Controller::render() - CORE\Cake\Controller\Controller.php, line 960
Dispatcher::_invoke() - CORE\Cake\Routing\Dispatcher.php, line 200
Dispatcher::dispatch() - CORE\Cake\Routing\Dispatcher.php, line 167
[main] - APP\webroot\index.php, line 118

2016-03-19 01:41:01 Debug: Notice (8): Undefined offset: 0 in [Z:\home\tests.ru\www\app\View\Afisha\view.ctp, line 2]
Trace:
include - APP\View\Afisha\view.ctp, line 2
View::_evaluate() - CORE\Cake\View\View.php, line 961
View::_render() - CORE\Cake\View\View.php, line 923
View::render() - CORE\Cake\View\View.php, line 473
Controller::render() - CORE\Cake\Controller\Controller.php, line 960
Dispatcher::_invoke() - CORE\Cake\Routing\Dispatcher.php, line 200
Dispatcher::dispatch() - CORE\Cake\Routing\Dispatcher.php, line 167
[main] - APP\webroot\index.php, line 118

2016-03-19 01:41:04 Debug: Notice (8): Undefined offset: 0 in [Z:\home\tests.ru\www\app\View\Afisha\view.ctp, line 2]
Trace:
include - APP\View\Afisha\view.ctp, line 2
View::_evaluate() - CORE\Cake\View\View.php, line 961
View::_render() - CORE\Cake\View\View.php, line 923
View::render() - CORE\Cake\View\View.php, line 473
Controller::render() - CORE\Cake\Controller\Controller.php, line 960
Dispatcher::_invoke() - CORE\Cake\Routing\Dispatcher.php, line 200
Dispatcher::dispatch() - CORE\Cake\Routing\Dispatcher.php, line 167
[main] - APP\webroot\index.php, line 118

2016-03-19 01:41:06 Debug: Notice (8): Undefined offset: 0 in [Z:\home\tests.ru\www\app\View\Afisha\view.ctp, line 2]
Trace:
include - APP\View\Afisha\view.ctp, line 2
View::_evaluate() - CORE\Cake\View\View.php, line 961
View::_render() - CORE\Cake\View\View.php, line 923
View::render() - CORE\Cake\View\View.php, line 473
Controller::render() - CORE\Cake\Controller\Controller.php, line 960
Dispatcher::_invoke() - CORE\Cake\Routing\Dispatcher.php, line 200
Dispatcher::dispatch() - CORE\Cake\Routing\Dispatcher.php, line 167
[main] - APP\webroot\index.php, line 118

2016-04-05 20:16:40 Debug: Notice (8): Undefined offset: 0 in [Z:\home\Prometheus.ru\www\app\View\Afisha\view.ctp, line 2]
Trace:
include - APP\View\Afisha\view.ctp, line 2
View::_evaluate() - CORE\Cake\View\View.php, line 961
View::_render() - CORE\Cake\View\View.php, line 923
View::render() - CORE\Cake\View\View.php, line 473
Controller::render() - CORE\Cake\Controller\Controller.php, line 960
Dispatcher::_invoke() - CORE\Cake\Routing\Dispatcher.php, line 200
Dispatcher::dispatch() - CORE\Cake\Routing\Dispatcher.php, line 167
[main] - APP\webroot\index.php, line 118

2016-04-05 20:16:42 Debug: Notice (8): Undefined offset: 0 in [Z:\home\Prometheus.ru\www\app\View\Afisha\view.ctp, line 2]
Trace:
include - APP\View\Afisha\view.ctp, line 2
View::_evaluate() - CORE\Cake\View\View.php, line 961
View::_render() - CORE\Cake\View\View.php, line 923
View::render() - CORE\Cake\View\View.php, line 473
Controller::render() - CORE\Cake\Controller\Controller.php, line 960
Dispatcher::_invoke() - CORE\Cake\Routing\Dispatcher.php, line 200
Dispatcher::dispatch() - CORE\Cake\Routing\Dispatcher.php, line 167
[main] - APP\webroot\index.php, line 118

2016-04-05 20:16:44 Debug: Notice (8): Undefined offset: 0 in [Z:\home\Prometheus.ru\www\app\View\Afisha\view.ctp, line 2]
Trace:
include - APP\View\Afisha\view.ctp, line 2
View::_evaluate() - CORE\Cake\View\View.php, line 961
View::_render() - CORE\Cake\View\View.php, line 923
View::render() - CORE\Cake\View\View.php, line 473
Controller::render() - CORE\Cake\Controller\Controller.php, line 960
Dispatcher::_invoke() - CORE\Cake\Routing\Dispatcher.php, line 200
Dispatcher::dispatch() - CORE\Cake\Routing\Dispatcher.php, line 167
[main] - APP\webroot\index.php, line 118

2016-04-05 20:16:51 Debug: Notice (8): Undefined offset: 0 in [Z:\home\Prometheus.ru\www\app\View\Afisha\view.ctp, line 2]
Trace:
include - APP\View\Afisha\view.ctp, line 2
View::_evaluate() - CORE\Cake\View\View.php, line 961
View::_render() - CORE\Cake\View\View.php, line 923
View::render() - CORE\Cake\View\View.php, line 473
Controller::render() - CORE\Cake\Controller\Controller.php, line 960
Dispatcher::_invoke() - CORE\Cake\Routing\Dispatcher.php, line 200
Dispatcher::dispatch() - CORE\Cake\Routing\Dispatcher.php, line 167
[main] - APP\webroot\index.php, line 118

2016-04-05 20:16:57 Debug: Notice (8): Undefined offset: 0 in [Z:\home\Prometheus.ru\www\app\View\Afisha\view.ctp, line 2]
Trace:
include - APP\View\Afisha\view.ctp, line 2
View::_evaluate() - CORE\Cake\View\View.php, line 961
View::_render() - CORE\Cake\View\View.php, line 923
View::render() - CORE\Cake\View\View.php, line 473
Controller::render() - CORE\Cake\Controller\Controller.php, line 960
Dispatcher::_invoke() - CORE\Cake\Routing\Dispatcher.php, line 200
Dispatcher::dispatch() - CORE\Cake\Routing\Dispatcher.php, line 167
[main] - APP\webroot\index.php, line 118

2016-04-05 20:20:31 Debug: Notice (8): Undefined index: telephone in [Z:\home\Prometheus.ru\www\app\Controller\FnewsController.php, line 9]
Trace:
FnewsController::addcomment() - APP\Controller\FnewsController.php, line 9
ReflectionMethod::invokeArgs() - [internal], line ??
Controller::invokeAction() - CORE\Cake\Controller\Controller.php, line 490
Dispatcher::_invoke() - CORE\Cake\Routing\Dispatcher.php, line 193
Dispatcher::dispatch() - CORE\Cake\Routing\Dispatcher.php, line 167
[main] - APP\webroot\index.php, line 118

2016-04-05 21:10:22 Debug: Notice (8): Undefined index: telephone in [Z:\home\Prometheus.ru\www\app\Controller\FnewsController.php, line 9]
Trace:
FnewsController::addcomment() - APP\Controller\FnewsController.php, line 9
ReflectionMethod::invokeArgs() - [internal], line ??
Controller::invokeAction() - CORE\Cake\Controller\Controller.php, line 490
Dispatcher::_invoke() - CORE\Cake\Routing\Dispatcher.php, line 193
Dispatcher::dispatch() - CORE\Cake\Routing\Dispatcher.php, line 167
[main] - APP\webroot\index.php, line 118

2016-04-05 21:11:16 Debug: Notice (8): Undefined offset: 0 in [Z:\home\Prometheus.ru\www\app\View\Afisha\view.ctp, line 2]
Trace:
include - APP\View\Afisha\view.ctp, line 2
View::_evaluate() - CORE\Cake\View\View.php, line 961
View::_render() - CORE\Cake\View\View.php, line 923
View::render() - CORE\Cake\View\View.php, line 473
Controller::render() - CORE\Cake\Controller\Controller.php, line 960
Dispatcher::_invoke() - CORE\Cake\Routing\Dispatcher.php, line 200
Dispatcher::dispatch() - CORE\Cake\Routing\Dispatcher.php, line 167
[main] - APP\webroot\index.php, line 118

2016-04-05 21:11:18 Debug: Notice (8): Undefined offset: 0 in [Z:\home\Prometheus.ru\www\app\View\Afisha\view.ctp, line 2]
Trace:
include - APP\View\Afisha\view.ctp, line 2
View::_evaluate() - CORE\Cake\View\View.php, line 961
View::_render() - CORE\Cake\View\View.php, line 923
View::render() - CORE\Cake\View\View.php, line 473
Controller::render() - CORE\Cake\Controller\Controller.php, line 960
Dispatcher::_invoke() - CORE\Cake\Routing\Dispatcher.php, line 200
Dispatcher::dispatch() - CORE\Cake\Routing\Dispatcher.php, line 167
[main] - APP\webroot\index.php, line 118

2016-04-05 21:11:23 Debug: Notice (8): Undefined offset: 0 in [Z:\home\Prometheus.ru\www\app\View\Afisha\view.ctp, line 2]
Trace:
include - APP\View\Afisha\view.ctp, line 2
View::_evaluate() - CORE\Cake\View\View.php, line 961
View::_render() - CORE\Cake\View\View.php, line 923
View::render() - CORE\Cake\View\View.php, line 473
Controller::render() - CORE\Cake\Controller\Controller.php, line 960
Dispatcher::_invoke() - CORE\Cake\Routing\Dispatcher.php, line 200
Dispatcher::dispatch() - CORE\Cake\Routing\Dispatcher.php, line 167
[main] - APP\webroot\index.php, line 118

2016-04-05 21:12:12 Debug: Notice (8): Undefined offset: 0 in [Z:\home\Prometheus.ru\www\app\View\Afisha\view.ctp, line 2]
Trace:
include - APP\View\Afisha\view.ctp, line 2
View::_evaluate() - CORE\Cake\View\View.php, line 961
View::_render() - CORE\Cake\View\View.php, line 923
View::render() - CORE\Cake\View\View.php, line 473
Controller::render() - CORE\Cake\Controller\Controller.php, line 960
Dispatcher::_invoke() - CORE\Cake\Routing\Dispatcher.php, line 200
Dispatcher::dispatch() - CORE\Cake\Routing\Dispatcher.php, line 167
[main] - APP\webroot\index.php, line 118

2016-04-05 21:12:14 Debug: Notice (8): Undefined offset: 0 in [Z:\home\Prometheus.ru\www\app\View\Afisha\view.ctp, line 2]
Trace:
include - APP\View\Afisha\view.ctp, line 2
View::_evaluate() - CORE\Cake\View\View.php, line 961
View::_render() - CORE\Cake\View\View.php, line 923
View::render() - CORE\Cake\View\View.php, line 473
Controller::render() - CORE\Cake\Controller\Controller.php, line 960
Dispatcher::_invoke() - CORE\Cake\Routing\Dispatcher.php, line 200
Dispatcher::dispatch() - CORE\Cake\Routing\Dispatcher.php, line 167
[main] - APP\webroot\index.php, line 118

2016-04-05 21:12:15 Debug: Notice (8): Undefined offset: 0 in [Z:\home\Prometheus.ru\www\app\View\Afisha\view.ctp, line 2]
Trace:
include - APP\View\Afisha\view.ctp, line 2
View::_evaluate() - CORE\Cake\View\View.php, line 961
View::_render() - CORE\Cake\View\View.php, line 923
View::render() - CORE\Cake\View\View.php, line 473
Controller::render() - CORE\Cake\Controller\Controller.php, line 960
Dispatcher::_invoke() - CORE\Cake\Routing\Dispatcher.php, line 200
Dispatcher::dispatch() - CORE\Cake\Routing\Dispatcher.php, line 167
[main] - APP\webroot\index.php, line 118

2016-04-05 21:12:20 Debug: Notice (8): Undefined offset: 0 in [Z:\home\Prometheus.ru\www\app\View\Afisha\view.ctp, line 2]
Trace:
include - APP\View\Afisha\view.ctp, line 2
View::_evaluate() - CORE\Cake\View\View.php, line 961
View::_render() - CORE\Cake\View\View.php, line 923
View::render() - CORE\Cake\View\View.php, line 473
Controller::render() - CORE\Cake\Controller\Controller.php, line 960
Dispatcher::_invoke() - CORE\Cake\Routing\Dispatcher.php, line 200
Dispatcher::dispatch() - CORE\Cake\Routing\Dispatcher.php, line 167
[main] - APP\webroot\index.php, line 118

2016-04-05 21:13:52 Debug: Notice (8): Undefined offset: 0 in [Z:\home\Prometheus.ru\www\app\View\Afisha\view.ctp, line 2]
Trace:
include - APP\View\Afisha\view.ctp, line 2
View::_evaluate() - CORE\Cake\View\View.php, line 961
View::_render() - CORE\Cake\View\View.php, line 923
View::render() - CORE\Cake\View\View.php, line 473
Controller::render() - CORE\Cake\Controller\Controller.php, line 960
Dispatcher::_invoke() - CORE\Cake\Routing\Dispatcher.php, line 200
Dispatcher::dispatch() - CORE\Cake\Routing\Dispatcher.php, line 167
[main] - APP\webroot\index.php, line 118

2016-04-05 21:13:57 Debug: Notice (8): Undefined offset: 0 in [Z:\home\Prometheus.ru\www\app\View\Afisha\view.ctp, line 2]
Trace:
include - APP\View\Afisha\view.ctp, line 2
View::_evaluate() - CORE\Cake\View\View.php, line 961
View::_render() - CORE\Cake\View\View.php, line 923
View::render() - CORE\Cake\View\View.php, line 473
Controller::render() - CORE\Cake\Controller\Controller.php, line 960
Dispatcher::_invoke() - CORE\Cake\Routing\Dispatcher.php, line 200
Dispatcher::dispatch() - CORE\Cake\Routing\Dispatcher.php, line 167
[main] - APP\webroot\index.php, line 118

2016-04-05 21:16:13 Debug: Notice (8): Undefined offset: 0 in [Z:\home\Prometheus.ru\www\app\View\Afisha\view.ctp, line 2]
Trace:
include - APP\View\Afisha\view.ctp, line 2
View::_evaluate() - CORE\Cake\View\View.php, line 961
View::_render() - CORE\Cake\View\View.php, line 923
View::render() - CORE\Cake\View\View.php, line 473
Controller::render() - CORE\Cake\Controller\Controller.php, line 960
Dispatcher::_invoke() - CORE\Cake\Routing\Dispatcher.php, line 200
Dispatcher::dispatch() - CORE\Cake\Routing\Dispatcher.php, line 167
[main] - APP\webroot\index.php, line 118

2016-04-05 21:16:18 Debug: Notice (8): Undefined offset: 0 in [Z:\home\Prometheus.ru\www\app\View\Afisha\view.ctp, line 2]
Trace:
include - APP\View\Afisha\view.ctp, line 2
View::_evaluate() - CORE\Cake\View\View.php, line 961
View::_render() - CORE\Cake\View\View.php, line 923
View::render() - CORE\Cake\View\View.php, line 473
Controller::render() - CORE\Cake\Controller\Controller.php, line 960
Dispatcher::_invoke() - CORE\Cake\Routing\Dispatcher.php, line 200
Dispatcher::dispatch() - CORE\Cake\Routing\Dispatcher.php, line 167
[main] - APP\webroot\index.php, line 118

2016-04-05 22:04:05 Debug: Notice (8): Undefined offset: 0 in [Z:\home\Prometheus.ru\www\app\View\Afisha\view.ctp, line 2]
Trace:
include - APP\View\Afisha\view.ctp, line 2
View::_evaluate() - CORE\Cake\View\View.php, line 961
View::_render() - CORE\Cake\View\View.php, line 923
View::render() - CORE\Cake\View\View.php, line 473
Controller::render() - CORE\Cake\Controller\Controller.php, line 960
Dispatcher::_invoke() - CORE\Cake\Routing\Dispatcher.php, line 200
Dispatcher::dispatch() - CORE\Cake\Routing\Dispatcher.php, line 167
[main] - APP\webroot\index.php, line 118

2016-04-05 22:04:06 Debug: Notice (8): Undefined offset: 0 in [Z:\home\Prometheus.ru\www\app\View\Afisha\view.ctp, line 2]
Trace:
include - APP\View\Afisha\view.ctp, line 2
View::_evaluate() - CORE\Cake\View\View.php, line 961
View::_render() - CORE\Cake\View\View.php, line 923
View::render() - CORE\Cake\View\View.php, line 473
Controller::render() - CORE\Cake\Controller\Controller.php, line 960
Dispatcher::_invoke() - CORE\Cake\Routing\Dispatcher.php, line 200
Dispatcher::dispatch() - CORE\Cake\Routing\Dispatcher.php, line 167
[main] - APP\webroot\index.php, line 118

2016-04-05 22:04:10 Debug: Notice (8): Undefined offset: 0 in [Z:\home\Prometheus.ru\www\app\View\Afisha\view.ctp, line 2]
Trace:
include - APP\View\Afisha\view.ctp, line 2
View::_evaluate() - CORE\Cake\View\View.php, line 961
View::_render() - CORE\Cake\View\View.php, line 923
View::render() - CORE\Cake\View\View.php, line 473
Controller::render() - CORE\Cake\Controller\Controller.php, line 960
Dispatcher::_invoke() - CORE\Cake\Routing\Dispatcher.php, line 200
Dispatcher::dispatch() - CORE\Cake\Routing\Dispatcher.php, line 167
[main] - APP\webroot\index.php, line 118

2016-04-05 22:04:25 Debug: Notice (8): Undefined offset: 0 in [Z:\home\Prometheus.ru\www\app\View\Afisha\view.ctp, line 2]
Trace:
include - APP\View\Afisha\view.ctp, line 2
View::_evaluate() - CORE\Cake\View\View.php, line 961
View::_render() - CORE\Cake\View\View.php, line 923
View::render() - CORE\Cake\View\View.php, line 473
Controller::render() - CORE\Cake\Controller\Controller.php, line 960
Dispatcher::_invoke() - CORE\Cake\Routing\Dispatcher.php, line 200
Dispatcher::dispatch() - CORE\Cake\Routing\Dispatcher.php, line 167
[main] - APP\webroot\index.php, line 118

2016-04-06 00:15:16 Debug: Notice (8): Undefined offset: 0 in [Z:\home\Prometheusfilm.com\www\app\View\Afisha\view.ctp, line 2]
Trace:
include - APP\View\Afisha\view.ctp, line 2
View::_evaluate() - CORE\Cake\View\View.php, line 961
View::_render() - CORE\Cake\View\View.php, line 923
View::render() - CORE\Cake\View\View.php, line 473
Controller::render() - CORE\Cake\Controller\Controller.php, line 960
Dispatcher::_invoke() - CORE\Cake\Routing\Dispatcher.php, line 200
Dispatcher::dispatch() - CORE\Cake\Routing\Dispatcher.php, line 167
[main] - APP\webroot\index.php, line 118

2016-04-06 00:15:18 Debug: Notice (8): Undefined offset: 0 in [Z:\home\Prometheusfilm.com\www\app\View\Afisha\view.ctp, line 2]
Trace:
include - APP\View\Afisha\view.ctp, line 2
View::_evaluate() - CORE\Cake\View\View.php, line 961
View::_render() - CORE\Cake\View\View.php, line 923
View::render() - CORE\Cake\View\View.php, line 473
Controller::render() - CORE\Cake\Controller\Controller.php, line 960
Dispatcher::_invoke() - CORE\Cake\Routing\Dispatcher.php, line 200
Dispatcher::dispatch() - CORE\Cake\Routing\Dispatcher.php, line 167
[main] - APP\webroot\index.php, line 118

2016-04-06 00:15:34 Debug: Notice (8): Undefined offset: 0 in [Z:\home\Prometheusfilm.com\www\app\View\Afisha\view.ctp, line 2]
Trace:
include - APP\View\Afisha\view.ctp, line 2
View::_evaluate() - CORE\Cake\View\View.php, line 961
View::_render() - CORE\Cake\View\View.php, line 923
View::render() - CORE\Cake\View\View.php, line 473
Controller::render() - CORE\Cake\Controller\Controller.php, line 960
Dispatcher::_invoke() - CORE\Cake\Routing\Dispatcher.php, line 200
Dispatcher::dispatch() - CORE\Cake\Routing\Dispatcher.php, line 167
[main] - APP\webroot\index.php, line 118

2016-04-06 00:15:39 Debug: Notice (8): Undefined offset: 0 in [Z:\home\Prometheusfilm.com\www\app\View\Afisha\view.ctp, line 2]
Trace:
include - APP\View\Afisha\view.ctp, line 2
View::_evaluate() - CORE\Cake\View\View.php, line 961
View::_render() - CORE\Cake\View\View.php, line 923
View::render() - CORE\Cake\View\View.php, line 473
Controller::render() - CORE\Cake\Controller\Controller.php, line 960
Dispatcher::_invoke() - CORE\Cake\Routing\Dispatcher.php, line 200
Dispatcher::dispatch() - CORE\Cake\Routing\Dispatcher.php, line 167
[main] - APP\webroot\index.php, line 118

2016-06-01 19:15:00 Debug: Notice (8): Undefined variable: tfilms in [Z:\home\Prometheusfilm.com\www\app\Controller\ApiController.php, line 26]
Trace:
ApiController::getAllFilms() - APP\Controller\ApiController.php, line 26
ReflectionMethod::invokeArgs() - [internal], line ??
Controller::invokeAction() - CORE\Cake\Controller\Controller.php, line 490
Dispatcher::_invoke() - CORE\Cake\Routing\Dispatcher.php, line 193
Dispatcher::dispatch() - CORE\Cake\Routing\Dispatcher.php, line 167
[main] - APP\webroot\index.php, line 118

2016-06-01 19:15:00 Debug: Notice (8): Undefined variable: tfilms in [Z:\home\Prometheusfilm.com\www\app\Controller\ApiController.php, line 26]
Trace:
ApiController::getAllFilms() - APP\Controller\ApiController.php, line 26
ReflectionMethod::invokeArgs() - [internal], line ??
Controller::invokeAction() - CORE\Cake\Controller\Controller.php, line 490
Dispatcher::_invoke() - CORE\Cake\Routing\Dispatcher.php, line 193
Dispatcher::dispatch() - CORE\Cake\Routing\Dispatcher.php, line 167
[main] - APP\webroot\index.php, line 118

2016-06-01 19:15:00 Debug: Notice (8): Undefined variable: tfilms in [Z:\home\Prometheusfilm.com\www\app\Controller\ApiController.php, line 26]
Trace:
ApiController::getAllFilms() - APP\Controller\ApiController.php, line 26
ReflectionMethod::invokeArgs() - [internal], line ??
Controller::invokeAction() - CORE\Cake\Controller\Controller.php, line 490
Dispatcher::_invoke() - CORE\Cake\Routing\Dispatcher.php, line 193
Dispatcher::dispatch() - CORE\Cake\Routing\Dispatcher.php, line 167
[main] - APP\webroot\index.php, line 118

2016-06-01 19:15:00 Debug: Notice (8): Undefined variable: tfilms in [Z:\home\Prometheusfilm.com\www\app\Controller\ApiController.php, line 26]
Trace:
ApiController::getAllFilms() - APP\Controller\ApiController.php, line 26
ReflectionMethod::invokeArgs() - [internal], line ??
Controller::invokeAction() - CORE\Cake\Controller\Controller.php, line 490
Dispatcher::_invoke() - CORE\Cake\Routing\Dispatcher.php, line 193
Dispatcher::dispatch() - CORE\Cake\Routing\Dispatcher.php, line 167
[main] - APP\webroot\index.php, line 118

2016-06-01 19:15:00 Debug: Notice (8): Undefined variable: tfilms in [Z:\home\Prometheusfilm.com\www\app\Controller\ApiController.php, line 26]
Trace:
ApiController::getAllFilms() - APP\Controller\ApiController.php, line 26
ReflectionMethod::invokeArgs() - [internal], line ??
Controller::invokeAction() - CORE\Cake\Controller\Controller.php, line 490
Dispatcher::_invoke() - CORE\Cake\Routing\Dispatcher.php, line 193
Dispatcher::dispatch() - CORE\Cake\Routing\Dispatcher.php, line 167
[main] - APP\webroot\index.php, line 118

2016-06-01 19:15:00 Debug: Notice (8): Undefined variable: tfilms in [Z:\home\Prometheusfilm.com\www\app\Controller\ApiController.php, line 26]
Trace:
ApiController::getAllFilms() - APP\Controller\ApiController.php, line 26
ReflectionMethod::invokeArgs() - [internal], line ??
Controller::invokeAction() - CORE\Cake\Controller\Controller.php, line 490
Dispatcher::_invoke() - CORE\Cake\Routing\Dispatcher.php, line 193
Dispatcher::dispatch() - CORE\Cake\Routing\Dispatcher.php, line 167
[main] - APP\webroot\index.php, line 118

